        -:    0:Source:src/native/miniaudio_shim.c
        -:    0:Graph:build/coverage/native/obj/miniaudio_shim.gcno
        -:    0:Data:build/coverage/native/obj/miniaudio_shim.gcda
        -:    0:Runs:1
        -:    1:#include "miniaudio_shim.h"
        -:    2:
        -:    3:#include "miniaudio.h"
        -:    4:
        -:    5:#include <math.h>
        -:    6:#include <stdlib.h>
        -:    7:#include <string.h>
        -:    8:#include <wchar.h>
        -:    9:#if defined(_WIN32)
        -:   10:#include <windows.h>
        -:   11:#else
        -:   12:#include <time.h>
        -:   13:#include <unistd.h>
        -:   14:#endif
        -:   15:
        -:   16:#ifndef MMJ_PI
        -:   17:#define MMJ_PI 3.14159265358979323846
        -:   18:#endif
        -:   19:
        -:   20:#define MMJ_DEVICE_MODE_SILENCE 0
        -:   21:#define MMJ_DEVICE_MODE_LOOPBACK 1
        -:   22:
        -:   23:#define MMJ_DEVICE_KIND_PLAYBACK 1
        -:   24:#define MMJ_DEVICE_KIND_CAPTURE 2
        -:   25:#define MMJ_DEVICE_KIND_DUPLEX 3
        -:   26:#define MMJ_DEVICE_KIND_DUPLEX_LOOPBACK 4
        -:   27:
        -:   28:#define MMJ_SAMPLE_FORMAT_U8 1
        -:   29:#define MMJ_SAMPLE_FORMAT_S16 2
        -:   30:#define MMJ_SAMPLE_FORMAT_S24 3
        -:   31:#define MMJ_SAMPLE_FORMAT_S32 4
        -:   32:#define MMJ_SAMPLE_FORMAT_F32 5
        -:   33:
        -:   34:typedef struct mmj_sine_state {
        -:   35:    double phase;
        -:   36:    double phase_step;
        -:   37:    float gain;
        -:   38:    uint32_t channels;
        -:   39:} mmj_sine_state;
        -:   40:
        -:   41:typedef struct mmj_file_playback_state {
        -:   42:    ma_decoder decoder;
        -:   43:    uint32_t channels;
        -:   44:} mmj_file_playback_state;
        -:   45:
        -:   46:typedef struct mmj_capture_state {
        -:   47:    uint64_t observed_frames;
        -:   48:} mmj_capture_state;
        -:   49:
        -:   50:typedef struct mmj_capture_to_wav_state {
        -:   51:    ma_encoder encoder;
        -:   52:    uint64_t observed_frames;
        -:   53:    int write_failed;
        -:   54:    ma_result write_result;
        -:   55:} mmj_capture_to_wav_state;
        -:   56:
        -:   57:typedef struct mmj_duplex_state {
        -:   58:    uint64_t observed_frames;
        -:   59:    uint32_t channels;
        -:   60:} mmj_duplex_state;
        -:   61:
        -:   62:typedef struct mmj_context_handle {
        -:   63:    ma_context context;
        -:   64:    int initialized;
        -:   65:} mmj_context_handle;
        -:   66:
        -:   67:typedef struct mmj_decoder_handle {
        -:   68:    ma_decoder decoder;
        -:   69:    ma_default_vfs default_vfs;
        -:   70:    int initialized;
        -:   71:    int vfs_initialized;
        -:   72:} mmj_decoder_handle;
        -:   73:
        -:   74:typedef struct mmj_encoder_handle {
        -:   75:    ma_encoder encoder;
        -:   76:    ma_default_vfs default_vfs;
        -:   77:    uint32_t channels;
        -:   78:    int initialized;
        -:   79:    int vfs_initialized;
        -:   80:} mmj_encoder_handle;
        -:   81:
        -:   82:typedef struct mmj_resampler_handle {
        -:   83:    ma_resampler resampler;
        -:   84:    uint32_t channels;
        -:   85:    uint32_t sample_rate_in;
        -:   86:    uint32_t sample_rate_out;
        -:   87:    int initialized;
        -:   88:} mmj_resampler_handle;
        -:   89:
        -:   90:typedef struct mmj_channel_converter_handle {
        -:   91:    ma_channel_converter converter;
        -:   92:    uint32_t channels_in;
        -:   93:    uint32_t channels_out;
        -:   94:    ma_channel_mix_mode mix_mode;
        -:   95:    int initialized;
        -:   96:} mmj_channel_converter_handle;
        -:   97:
        -:   98:typedef struct mmj_data_converter_handle {
        -:   99:    ma_data_converter converter;
        -:  100:    uint32_t channels_in;
        -:  101:    uint32_t channels_out;
        -:  102:    uint32_t sample_rate_in;
        -:  103:    uint32_t sample_rate_out;
        -:  104:    int initialized;
        -:  105:} mmj_data_converter_handle;
        -:  106:
        -:  107:typedef struct mmj_waveform_handle {
        -:  108:    ma_waveform waveform;
        -:  109:    uint32_t channels;
        -:  110:    uint32_t sample_rate;
        -:  111:    ma_waveform_type type;
        -:  112:    double amplitude;
        -:  113:    double frequency;
        -:  114:    int initialized;
        -:  115:} mmj_waveform_handle;
        -:  116:
        -:  117:typedef struct mmj_noise_handle {
        -:  118:    ma_noise noise;
        -:  119:    ma_noise_type type;
        -:  120:    double amplitude;
        -:  121:    int32_t seed;
        -:  122:    uint32_t channels;
        -:  123:    int initialized;
        -:  124:} mmj_noise_handle;
        -:  125:
        -:  126:typedef struct mmj_spatializer_listener_handle {
        -:  127:    ma_spatializer_listener listener;
        -:  128:    uint32_t channels_out;
        -:  129:    int initialized;
        -:  130:} mmj_spatializer_listener_handle;
        -:  131:
        -:  132:typedef struct mmj_spatializer_handle {
        -:  133:    ma_spatializer spatializer;
        -:  134:    uint32_t channels_in;
        -:  135:    uint32_t channels_out;
        -:  136:    int initialized;
        -:  137:} mmj_spatializer_handle;
        -:  138:
        -:  139:typedef struct mmj_pcm_rb_handle {
        -:  140:    ma_pcm_rb rb;
        -:  141:    uint32_t channels;
        -:  142:    uint32_t sample_rate;
        -:  143:    int initialized;
        -:  144:} mmj_pcm_rb_handle;
        -:  145:
        -:  146:typedef struct mmj_engine_handle {
        -:  147:    ma_engine engine;
        -:  148:    int initialized;
        -:  149:} mmj_engine_handle;
        -:  150:
        -:  151:typedef struct mmj_sound_handle {
        -:  152:    ma_sound sound;
        -:  153:    int initialized;
        -:  154:} mmj_sound_handle;
        -:  155:
        -:  156:typedef struct mmj_sound_group_handle {
        -:  157:    ma_sound_group sound_group;
        -:  158:    int initialized;
        -:  159:} mmj_sound_group_handle;
        -:  160:
        -:  161:typedef struct mmj_lpf_node_handle {
        -:  162:    ma_lpf_node node;
        -:  163:    uint32_t channels;
        -:  164:    uint32_t sample_rate;
        -:  165:    uint32_t order;
        -:  166:    float cutoff_hz;
        -:  167:    int initialized;
        -:  168:} mmj_lpf_node_handle;
        -:  169:
        -:  170:typedef struct mmj_hpf_node_handle {
        -:  171:    ma_hpf_node node;
        -:  172:    uint32_t channels;
        -:  173:    uint32_t sample_rate;
        -:  174:    uint32_t order;
        -:  175:    float cutoff_hz;
        -:  176:    int initialized;
        -:  177:} mmj_hpf_node_handle;
        -:  178:
        -:  179:typedef struct mmj_delay_node_handle {
        -:  180:    ma_delay_node node;
        -:  181:    float decay;
        -:  182:    float wet;
        -:  183:    float dry;
        -:  184:    int initialized;
        -:  185:} mmj_delay_node_handle;
        -:  186:
        -:  187:typedef struct mmj_splitter_node_handle {
        -:  188:    ma_splitter_node node;
        -:  189:    uint32_t channels;
        -:  190:    float bus_volumes[2];  /* bus 0 and bus 1 */
        -:  191:    int initialized;
        -:  192:} mmj_splitter_node_handle;
        -:  193:
        -:  194:typedef struct mmj_biquad_node_handle {
        -:  195:    ma_biquad_node node;
        -:  196:    uint32_t channels;
        -:  197:    float b0, b1, b2, a0, a1, a2;
        -:  198:    int initialized;
        -:  199:} mmj_biquad_node_handle;
        -:  200:
        -:  201:typedef struct mmj_notch_node_handle {
        -:  202:    ma_notch_node node;
        -:  203:    int initialized;
        -:  204:    uint32_t channels;
        -:  205:} mmj_notch_node_handle;
        -:  206:
        -:  207:typedef struct mmj_peak_node_handle {
        -:  208:    ma_peak_node node;
        -:  209:    int initialized;
        -:  210:    uint32_t channels;
        -:  211:} mmj_peak_node_handle;
        -:  212:
        -:  213:typedef struct mmj_loshelf_node_handle {
        -:  214:    ma_loshelf_node node;
        -:  215:    int initialized;
        -:  216:    uint32_t channels;
        -:  217:} mmj_loshelf_node_handle;
        -:  218:
        -:  219:typedef struct mmj_hishelf_node_handle {
        -:  220:    ma_hishelf_node node;
        -:  221:    int initialized;
        -:  222:    uint32_t channels;
        -:  223:} mmj_hishelf_node_handle;
        -:  224:
        -:  225:typedef struct mmj_resource_manager_handle {
        -:  226:    ma_resource_manager resource_manager;
        -:  227:    int initialized;
        -:  228:} mmj_resource_manager_handle;
        -:  229:
        -:  230:typedef struct mmj_resource_data_source_handle {
        -:  231:    ma_resource_manager_data_source data_source;
        -:  232:    int initialized;
        -:  233:} mmj_resource_data_source_handle;
        -:  234:
        -:  235:typedef struct mmj_async_notification_poll_handle {
        -:  236:    ma_async_notification_poll notification;
        -:  237:    int initialized;
        -:  238:} mmj_async_notification_poll_handle;
        -:  239:
        -:  240:typedef struct mmj_async_notification_event_handle {
        -:  241:    ma_async_notification_event notification;
        -:  242:    int initialized;
        -:  243:} mmj_async_notification_event_handle;
        -:  244:
        -:  245:typedef struct mmj_job_queue_handle {
        -:  246:    ma_job_queue queue;
        -:  247:    int initialized;
        -:  248:} mmj_job_queue_handle;
        -:  249:
        -:  250:typedef struct mmj_mutex_handle {
        -:  251:    ma_mutex mutex;
        -:  252:    int initialized;
        -:  253:} mmj_mutex_handle;
        -:  254:
        -:  255:typedef struct mmj_event_handle {
        -:  256:    ma_event event;
        -:  257:    int initialized;
        -:  258:} mmj_event_handle;
        -:  259:
        -:  260:typedef struct mmj_semaphore_handle {
        -:  261:    ma_semaphore semaphore;
        -:  262:    int initialized;
        -:  263:} mmj_semaphore_handle;
        -:  264:
        -:  265:typedef struct mmj_spinlock_handle {
        -:  266:    ma_spinlock spinlock;
        -:  267:    int initialized;
        -:  268:} mmj_spinlock_handle;
        -:  269:
        -:  270:typedef struct mmj_fence_handle {
        -:  271:    ma_fence fence;
        -:  272:    int initialized;
        -:  273:} mmj_fence_handle;
        -:  274:
        -:  275:typedef struct mmj_custom_buffer_data_source_handle {
        -:  276:    ma_data_source_base base;
        -:  277:    const float* frames;
        -:  278:    uint64_t frame_count;
        -:  279:    uint32_t channels;
        -:  280:    uint32_t sample_rate;
        -:  281:    ma_format format;
        -:  282:    uint64_t cursor;
        -:  283:    int looping;
        -:  284:    int initialized;
        -:  285:} mmj_custom_buffer_data_source_handle;
        -:  286:
        -:  287:typedef struct mmj_log_handle {
        -:  288:    ma_log log;
        -:  289:    ma_log_callback callback;
        -:  290:    uint64_t callback_count;
        -:  291:    int initialized;
        -:  292:    int callback_registered;
        -:  293:} mmj_log_handle;
        -:  294:
        -:  295:typedef struct mmj_device_state {
        -:  296:    uint32_t channels;
        -:  297:    int mode;
        -:  298:    int kind;
        -:  299:    ma_format sample_format;
        -:  300:    uint32_t bytes_per_sample;
        -:  301:    uint64_t observed_frames;
        -:  302:    /* User-defined callbacks */
        -:  303:    mmj_device_data_callback user_data_callback;
        -:  304:    mmj_device_stop_callback user_stop_callback;
        -:  305:    void* user_callback_data;
        -:  306:} mmj_device_state;
        -:  307:
        -:  308:typedef struct mmj_device_handle {
        -:  309:    ma_device device;
        -:  310:    mmj_device_state state;
        -:  311:    int initialized;
        -:  312:    int started;
        -:  313:} mmj_device_handle;
        -:  314:
        -:  315:typedef struct mmj_playback_from_buffer_state {
        -:  316:    float* buffer;
        -:  317:    uint64_t buffer_frame_count;
        -:  318:    uint64_t current_position;
        -:  319:    uint32_t channels;
        -:  320:} mmj_playback_from_buffer_state;
        -:  321:
        -:  322:typedef struct mmj_playback_from_buffer_handle {
        -:  323:    ma_device device;
        -:  324:    mmj_playback_from_buffer_state state;
        -:  325:    int initialized;
        -:  326:    int started;
        -:  327:} mmj_playback_from_buffer_handle;
        -:  328:
        -:  329:typedef struct mmj_capture_to_buffer_state {
        -:  330:    float* buffer;
        -:  331:    uint64_t buffer_frame_capacity;
        -:  332:    uint64_t frames_captured;
        -:  333:    uint32_t channels;
        -:  334:} mmj_capture_to_buffer_state;
        -:  335:
        -:  336:typedef struct mmj_capture_to_buffer_handle {
        -:  337:    ma_device device;
        -:  338:    mmj_capture_to_buffer_state state;
        -:  339:    int initialized;
        -:  340:    int started;
        -:  341:} mmj_capture_to_buffer_handle;
        -:  342:
function mmj_sleep_ms called 6 returned 100% blocks executed 100%
        6:  343:static void mmj_sleep_ms(uint32_t duration_ms) {
        -:  344:#if defined(_WIN32)
        -:  345:    Sleep((DWORD)duration_ms);
        -:  346:#else
        -:  347:    struct timespec ts;
        6:  348:    ts.tv_sec = (time_t)(duration_ms / 1000u);
        6:  349:    ts.tv_nsec = (long)((duration_ms % 1000u) * 1000000u);
        6:  350:    nanosleep(&ts, NULL);
call    0 returned 6
        -:  351:#endif
        6:  352:}
        -:  353:
function mmj_data_callback called 4 returned 100% blocks executed 100%
        4:  354:static void mmj_data_callback(
        -:  355:    ma_device* device,
        -:  356:    void* output,
        -:  357:    const void* input,
        -:  358:    ma_uint32 frame_count
        -:  359:) {
        4:  360:    mmj_sine_state* state = (mmj_sine_state*)device->pUserData;
        4:  361:    float* out = (float*)output;
        -:  362:
        4:  363:    if (state == NULL || out == NULL) {
branch  0 taken 3 (fallthrough)
branch  1 taken 1
branch  2 taken 0 (fallthrough)
branch  3 taken 3
        1:  364:        return;
        -:  365:    }
        -:  366:
     1807:  367:    for (ma_uint32 frame = 0; frame < frame_count; ++frame) {
branch  0 taken 1804
branch  1 taken 3 (fallthrough)
     1804:  368:        float sample = (float)(sin(state->phase) * (double)state->gain);
     1804:  369:        state->phase += state->phase_step;
     1804:  370:        if (state->phase >= (2.0 * MMJ_PI)) {
branch  0 taken 18 (fallthrough)
branch  1 taken 1786
       18:  371:            state->phase -= (2.0 * MMJ_PI);
        -:  372:        }
        -:  373:
     5412:  374:        for (uint32_t channel = 0; channel < state->channels; ++channel) {
branch  0 taken 3608
branch  1 taken 1804 (fallthrough)
     3608:  375:            out[(frame * state->channels) + channel] = sample;
        -:  376:        }
        -:  377:    }
        -:  378:
        -:  379:    (void)input;
        -:  380:}
        -:  381:
function mmj_file_playback_callback called 58 returned 100% blocks executed 100%
       58:  382:static void mmj_file_playback_callback(
        -:  383:    ma_device* device,
        -:  384:    void* output,
        -:  385:    const void* input,
        -:  386:    ma_uint32 frame_count
        -:  387:) {
       58:  388:    mmj_file_playback_state* state = (mmj_file_playback_state*)device->pUserData;
       58:  389:    ma_uint64 frames_read = 0;
        -:  390:    ma_result result;
        -:  391:    ma_uint64 total_samples;
        -:  392:    ma_uint64 remaining_samples;
       58:  393:    float* out = (float*)output;
        -:  394:
        -:  395:    (void)input;
        -:  396:
       58:  397:    if (state == NULL || out == NULL) {
branch  0 taken 57 (fallthrough)
branch  1 taken 1
branch  2 taken 1 (fallthrough)
branch  3 taken 56
        4:  398:        return;
        -:  399:    }
        -:  400:
       56:  401:    result = ma_decoder_read_pcm_frames(
call    0 returned 56
        -:  402:        &state->decoder,
        -:  403:        out,
        -:  404:        frame_count,
        -:  405:        &frames_read
        -:  406:    );
       56:  407:    if (result != MA_SUCCESS) {
branch  0 taken 2 (fallthrough)
branch  1 taken 54
        2:  408:        memset(out, 0, (size_t)frame_count * (size_t)state->channels * sizeof(float));
        2:  409:        return;
        -:  410:    }
        -:  411:
       54:  412:    if (frames_read < frame_count) {
branch  0 taken 1 (fallthrough)
branch  1 taken 53
        1:  413:        total_samples = (ma_uint64)frame_count * (ma_uint64)state->channels;
        1:  414:        remaining_samples = ((ma_uint64)frame_count - frames_read) * (ma_uint64)state->channels;
        1:  415:        memset(
        1:  416:            out + (total_samples - remaining_samples),
        -:  417:            0,
        -:  418:            (size_t)remaining_samples * sizeof(float)
        -:  419:        );
        -:  420:    }
        -:  421:}
        -:  422:
function mmj_capture_callback called 2 returned 100% blocks executed 100%
        2:  423:static void mmj_capture_callback(
        -:  424:    ma_device* device,
        -:  425:    void* output,
        -:  426:    const void* input,
        -:  427:    ma_uint32 frame_count
        -:  428:) {
        2:  429:    mmj_capture_state* state = (mmj_capture_state*)device->pUserData;
        -:  430:
        -:  431:    (void)output;
        -:  432:    (void)input;
        -:  433:
        2:  434:    if (state == NULL) {
branch  0 taken 1 (fallthrough)
branch  1 taken 1
        1:  435:        return;
        -:  436:    }
        -:  437:
        1:  438:    state->observed_frames += (uint64_t)frame_count;
        -:  439:}
        -:  440:
function mmj_capture_to_wav_callback called 3 returned 100% blocks executed 43%
        3:  441:static void mmj_capture_to_wav_callback(
        -:  442:    ma_device* device,
        -:  443:    void* output,
        -:  444:    const void* input,
        -:  445:    ma_uint32 frame_count
        -:  446:) {
        3:  447:    mmj_capture_to_wav_state* state = (mmj_capture_to_wav_state*)device->pUserData;
        3:  448:    ma_uint64 frames_written = 0;
        -:  449:    ma_result result;
        -:  450:
        -:  451:    (void)output;
        -:  452:
        3:  453:    if (state == NULL || input == NULL || frame_count == 0) {
branch  0 taken 2 (fallthrough)
branch  1 taken 1
branch  2 taken 1 (fallthrough)
branch  3 taken 1
branch  4 taken 1 (fallthrough)
branch  5 taken 0
        3:  454:        return;
        -:  455:    }
        -:  456:
    #####:  457:    result = ma_encoder_write_pcm_frames(
call    0 never executed
        -:  458:        &state->encoder,
        -:  459:        input,
        -:  460:        frame_count,
        -:  461:        &frames_written
        -:  462:    );
    #####:  463:    if (result != MA_SUCCESS || frames_written != frame_count) {
branch  0 never executed (fallthrough)
branch  1 never executed
branch  2 never executed (fallthrough)
branch  3 never executed
    #####:  464:        state->write_failed = 1;
    #####:  465:        state->write_result = (result == MA_SUCCESS) ? MA_IO_ERROR : result;
branch  0 never executed (fallthrough)
branch  1 never executed
    #####:  466:        return;
        -:  467:    }
        -:  468:
    #####:  469:    state->observed_frames += (uint64_t)frame_count;
        -:  470:}
        -:  471:
function mmj_duplex_callback called 4 returned 100% blocks executed 100%
        4:  472:static void mmj_duplex_callback(
        -:  473:    ma_device* device,
        -:  474:    void* output,
        -:  475:    const void* input,
        -:  476:    ma_uint32 frame_count
        -:  477:) {
        4:  478:    mmj_duplex_state* state = (mmj_duplex_state*)device->pUserData;
        4:  479:    float* out = (float*)output;
        4:  480:    const float* in = (const float*)input;
        -:  481:    ma_uint64 i;
        -:  482:    ma_uint64 total_samples;
        -:  483:
        4:  484:    if (state == NULL) {
branch  0 taken 1 (fallthrough)
branch  1 taken 3
        1:  485:        return;
        -:  486:    }
        -:  487:
        3:  488:    state->observed_frames += (uint64_t)frame_count;
        -:  489:
        3:  490:    if (out == NULL) {
branch  0 taken 1 (fallthrough)
branch  1 taken 2
        1:  491:        return;
        -:  492:    }
        -:  493:
        2:  494:    total_samples = (ma_uint64)frame_count * (ma_uint64)state->channels;
        2:  495:    if (in == NULL) {
branch  0 taken 1 (fallthrough)
branch  1 taken 1
        9:  496:        for (i = 0; i < total_samples; ++i) {
branch  0 taken 8
branch  1 taken 1 (fallthrough)
        8:  497:            out[i] = 0.0f;
        -:  498:        }
        1:  499:        return;
        -:  500:    }
        -:  501:
        9:  502:    for (i = 0; i < total_samples; ++i) {
branch  0 taken 8
branch  1 taken 1 (fallthrough)
        8:  503:        out[i] = in[i];
        -:  504:    }
        -:  505:}
        -:  506:
function mmj_log_counter_callback called 1 returned 100% blocks executed 75%
        1:  507:static void mmj_log_counter_callback(void* user_data, ma_uint32 level, const char* message) {
        1:  508:    mmj_log_handle* handle = (mmj_log_handle*)user_data;
        -:  509:
        -:  510:    (void)level;
        -:  511:    (void)message;
        -:  512:
        1:  513:    if (handle == NULL) {
branch  0 taken 0 (fallthrough)
branch  1 taken 1
    #####:  514:        return;
        -:  515:    }
        -:  516:
        1:  517:    handle->callback_count += 1;
        -:  518:}
        -:  519:
function mmj_device_callback called 10 returned 100% blocks executed 100%
       10:  520:static void mmj_device_callback(
        -:  521:    ma_device* device,
        -:  522:    void* output,
        -:  523:    const void* input,
        -:  524:    ma_uint32 frame_count
        -:  525:) {
       10:  526:    mmj_device_state* state = (mmj_device_state*)device->pUserData;
        -:  527:    ma_uint64 total_bytes;
       10:  528:    ma_uint8* out = (ma_uint8*)output;
       10:  529:    const ma_uint8* in = (const ma_uint8*)input;
        -:  530:    ma_uint64 i;
        -:  531:
       10:  532:    if (state == NULL || out == NULL) {
branch  0 taken 9 (fallthrough)
branch  1 taken 1
branch  2 taken 1 (fallthrough)
branch  3 taken 8
        2:  533:        return;
        -:  534:    }
        -:  535:
        8:  536:    state->observed_frames += (uint64_t)frame_count;
        -:  537:
        8:  538:    total_bytes =
        8:  539:        (ma_uint64)frame_count
        8:  540:        * (ma_uint64)state->channels
        8:  541:        * (ma_uint64)state->bytes_per_sample;
        -:  542:
        -:  543:    /* Call user-defined callback if set */
        8:  544:    if (state->user_data_callback != NULL) {
branch  0 taken 3 (fallthrough)
branch  1 taken 5
        3:  545:        state->user_data_callback(
call    0 returned 3
        -:  546:            output,
        -:  547:            input,
        -:  548:            (uint32_t)frame_count,
        -:  549:            state->user_callback_data
        -:  550:        );
        3:  551:        return;
        -:  552:    }
        -:  553:
        5:  554:    if (state->mode == MMJ_DEVICE_MODE_LOOPBACK && in != NULL) {
branch  0 taken 4 (fallthrough)
branch  1 taken 1
branch  2 taken 1 (fallthrough)
branch  3 taken 3
        9:  555:        for (i = 0; i < total_bytes; ++i) {
branch  0 taken 8
branch  1 taken 1 (fallthrough)
        8:  556:            out[i] = in[i];
        -:  557:        }
        1:  558:        return;
        -:  559:    }
        -:  560:
        4:  561:    memset(out, 0, (size_t)total_bytes);
        -:  562:}
        -:  563:
function mmj_format_from_code called 38 returned 100% blocks executed 93%
       38:  564:static int mmj_format_from_code(int sample_format, ma_format* out_format) {
       38:  565:    if (out_format == NULL) {
branch  0 taken 0 (fallthrough)
branch  1 taken 38
    #####:  566:        return MA_INVALID_ARGS;
        -:  567:    }
        -:  568:
       38:  569:    if (sample_format == MMJ_SAMPLE_FORMAT_U8) {
branch  0 taken 5 (fallthrough)
branch  1 taken 33
        5:  570:        *out_format = ma_format_u8;
        5:  571:        return MA_SUCCESS;
        -:  572:    }
       33:  573:    if (sample_format == MMJ_SAMPLE_FORMAT_S16) {
branch  0 taken 6 (fallthrough)
branch  1 taken 27
        6:  574:        *out_format = ma_format_s16;
        6:  575:        return MA_SUCCESS;
        -:  576:    }
       27:  577:    if (sample_format == MMJ_SAMPLE_FORMAT_S24) {
branch  0 taken 4 (fallthrough)
branch  1 taken 23
        4:  578:        *out_format = ma_format_s24;
        4:  579:        return MA_SUCCESS;
        -:  580:    }
       23:  581:    if (sample_format == MMJ_SAMPLE_FORMAT_S32) {
branch  0 taken 8 (fallthrough)
branch  1 taken 15
        8:  582:        *out_format = ma_format_s32;
        8:  583:        return MA_SUCCESS;
        -:  584:    }
       15:  585:    if (sample_format == MMJ_SAMPLE_FORMAT_F32) {
branch  0 taken 10 (fallthrough)
branch  1 taken 5
       10:  586:        *out_format = ma_format_f32;
       10:  587:        return MA_SUCCESS;
        -:  588:    }
        -:  589:
        5:  590:    return MA_INVALID_ARGS;
        -:  591:}
        -:  592:
function mmj_device_init_internal called 16 returned 100% blocks executed 17%
       16:  593:static int mmj_device_init_internal(
        -:  594:    void* device_handle,
        -:  595:    ma_device_type device_type,
        -:  596:    uint32_t sample_rate,
        -:  597:    uint32_t channels,
        -:  598:    ma_format sample_format,
        -:  599:    int mode
        -:  600:) {
       16:  601:    mmj_device_handle* handle = (mmj_device_handle*)device_handle;
        -:  602:    ma_device_config config;
        -:  603:    ma_result result;
        -:  604:
      16*:  605:    if (handle == NULL || sample_rate == 0 || channels == 0) {
branch  0 taken 8 (fallthrough)
branch  1 taken 8
branch  2 taken 0 (fallthrough)
branch  3 taken 8
branch  4 never executed (fallthrough)
branch  5 never executed
       16:  606:        return MA_INVALID_ARGS;
        -:  607:    }
        -:  608:
    #####:  609:    if (handle->initialized) {
branch  0 never executed (fallthrough)
branch  1 never executed
    #####:  610:        ma_device_uninit(&handle->device);
call    0 never executed
    #####:  611:        handle->initialized = 0;
    #####:  612:        handle->started = 0;
        -:  613:    }
        -:  614:
    #####:  615:    handle->state.channels = channels;
    #####:  616:    handle->state.mode = mode;
    #####:  617:    handle->state.sample_format = sample_format;
    #####:  618:    handle->state.bytes_per_sample = ma_get_bytes_per_sample(sample_format);
call    0 never executed
    #####:  619:    handle->state.kind = MMJ_DEVICE_KIND_PLAYBACK;
    #####:  620:    handle->state.observed_frames = 0;
    #####:  621:    handle->state.user_data_callback = NULL;
    #####:  622:    handle->state.user_stop_callback = NULL;
    #####:  623:    handle->state.user_callback_data = NULL;
    #####:  624:    if (handle->state.bytes_per_sample == 0) {
branch  0 never executed (fallthrough)
branch  1 never executed
    #####:  625:        return MA_INVALID_ARGS;
        -:  626:    }
    #####:  627:    if (device_type == ma_device_type_capture) {
branch  0 never executed (fallthrough)
branch  1 never executed
    #####:  628:        handle->state.kind = MMJ_DEVICE_KIND_CAPTURE;
    #####:  629:    } else if (device_type == ma_device_type_duplex) {
branch  0 never executed (fallthrough)
branch  1 never executed
    #####:  630:        handle->state.kind = (mode == MMJ_DEVICE_MODE_LOOPBACK)
        -:  631:            ? MMJ_DEVICE_KIND_DUPLEX_LOOPBACK
    #####:  632:            : MMJ_DEVICE_KIND_DUPLEX;
branch  0 never executed (fallthrough)
branch  1 never executed
        -:  633:    }
        -:  634:
    #####:  635:    config = ma_device_config_init(device_type);
call    0 never executed
    #####:  636:    config.sampleRate = sample_rate;
    #####:  637:    config.dataCallback = mmj_device_callback;
    #####:  638:    config.pUserData = &handle->state;
        -:  639:
    #####:  640:    if (device_type == ma_device_type_playback || device_type == ma_device_type_duplex) {
branch  0 never executed (fallthrough)
branch  1 never executed
branch  2 never executed (fallthrough)
branch  3 never executed
    #####:  641:        config.playback.format = sample_format;
    #####:  642:        config.playback.channels = channels;
        -:  643:    }
        -:  644:
    #####:  645:    if (device_type == ma_device_type_capture || device_type == ma_device_type_duplex) {
branch  0 never executed (fallthrough)
branch  1 never executed
branch  2 never executed (fallthrough)
branch  3 never executed
    #####:  646:        config.capture.format = sample_format;
    #####:  647:        config.capture.channels = channels;
        -:  648:    }
        -:  649:
    #####:  650:    result = ma_device_init(NULL, &config, &handle->device);
call    0 never executed
    #####:  651:    if (result != MA_SUCCESS) {
branch  0 never executed (fallthrough)
branch  1 never executed
    #####:  652:        return result;
        -:  653:    }
        -:  654:
    #####:  655:    handle->initialized = 1;
    #####:  656:    handle->started = 0;
    #####:  657:    return MA_SUCCESS;
        -:  658:}
        -:  659:
function mmj_miniaudio_version called 1 returned 100% blocks executed 100%
        1:  660:const char* mmj_miniaudio_version(void) {
        1:  661:    return ma_version_string();
call    0 returned 1
        -:  662:}
        -:  663:
function mmj_result_description called 1 returned 100% blocks executed 100%
        1:  664:const char* mmj_result_description(int result_code) {
        1:  665:    return ma_result_description((ma_result)result_code);
call    0 returned 1
        -:  666:}
        -:  667:
function mmj_log_create called 2 returned 100% blocks executed 100%
        2:  668:void* mmj_log_create(void) {
        2:  669:    mmj_log_handle* handle = (mmj_log_handle*)calloc(1, sizeof(mmj_log_handle));
        2:  670:    return handle;
        -:  671:}
        -:  672:
function mmj_log_init called 2 returned 100% blocks executed 89%
        2:  673:int mmj_log_init(void* log_handle) {
        2:  674:    mmj_log_handle* handle = (mmj_log_handle*)log_handle;
        -:  675:    ma_result result;
        -:  676:
        2:  677:    if (handle == NULL) {
branch  0 taken 1 (fallthrough)
branch  1 taken 1
        1:  678:        return MA_INVALID_ARGS;
        -:  679:    }
        -:  680:
        1:  681:    if (handle->initialized) {
branch  0 taken 0 (fallthrough)
branch  1 taken 1
    #####:  682:        return MA_SUCCESS;
        -:  683:    }
        -:  684:
        1:  685:    result = ma_log_init(NULL, &handle->log);
call    0 returned 1
        1:  686:    if (result == MA_SUCCESS) {
branch  0 taken 1 (fallthrough)
branch  1 taken 0
        1:  687:        handle->initialized = 1;
        1:  688:        handle->callback_registered = 0;
        1:  689:        handle->callback_count = 0;
        -:  690:    }
        -:  691:
        1:  692:    return result;
        -:  693:}
        -:  694:
function mmj_log_register_counting_callback called 2 returned 100% blocks executed 91%
        2:  695:int mmj_log_register_counting_callback(void* log_handle) {
        2:  696:    mmj_log_handle* handle = (mmj_log_handle*)log_handle;
        -:  697:    ma_result result;
        -:  698:
        2:  699:    if (handle == NULL || !handle->initialized) {
branch  0 taken 1 (fallthrough)
branch  1 taken 1
branch  2 taken 0 (fallthrough)
branch  3 taken 1
        1:  700:        return MA_INVALID_ARGS;
        -:  701:    }
        -:  702:
        1:  703:    if (handle->callback_registered) {
branch  0 taken 0 (fallthrough)
branch  1 taken 1
    #####:  704:        return MA_SUCCESS;
        -:  705:    }
        -:  706:
        1:  707:    handle->callback = ma_log_callback_init(mmj_log_counter_callback, handle);
call    0 returned 1
        1:  708:    result = ma_log_register_callback(&handle->log, handle->callback);
call    0 returned 1
        1:  709:    if (result == MA_SUCCESS) {
branch  0 taken 1 (fallthrough)
branch  1 taken 0
        1:  710:        handle->callback_registered = 1;
        -:  711:    }
        -:  712:
        1:  713:    return result;
        -:  714:}
        -:  715:
function mmj_log_unregister_counting_callback called 2 returned 100% blocks executed 90%
        2:  716:int mmj_log_unregister_counting_callback(void* log_handle) {
        2:  717:    mmj_log_handle* handle = (mmj_log_handle*)log_handle;
        -:  718:    ma_result result;
        -:  719:
        2:  720:    if (handle == NULL || !handle->initialized) {
branch  0 taken 1 (fallthrough)
branch  1 taken 1
branch  2 taken 0 (fallthrough)
branch  3 taken 1
        1:  721:        return MA_INVALID_ARGS;
        -:  722:    }
        -:  723:
        1:  724:    if (!handle->callback_registered) {
branch  0 taken 0 (fallthrough)
branch  1 taken 1
    #####:  725:        return MA_SUCCESS;
        -:  726:    }
        -:  727:
        1:  728:    result = ma_log_unregister_callback(&handle->log, handle->callback);
call    0 returned 1
        1:  729:    if (result == MA_SUCCESS) {
branch  0 taken 1 (fallthrough)
branch  1 taken 0
        1:  730:        handle->callback_registered = 0;
        -:  731:    }
        -:  732:
        1:  733:    return result;
        -:  734:}
        -:  735:
function mmj_log_post_info called 2 returned 100% blocks executed 100%
        2:  736:int mmj_log_post_info(void* log_handle, const char* message) {
        2:  737:    mmj_log_handle* handle = (mmj_log_handle*)log_handle;
        -:  738:
        2:  739:    if (handle == NULL || !handle->initialized || message == NULL) {
branch  0 taken 1 (fallthrough)
branch  1 taken 1
branch  2 taken 1 (fallthrough)
branch  3 taken 0
branch  4 taken 0 (fallthrough)
branch  5 taken 1
        1:  740:        return MA_INVALID_ARGS;
        -:  741:    }
        -:  742:
        1:  743:    return ma_log_post(&handle->log, MA_LOG_LEVEL_INFO, message);
call    0 returned 1
        -:  744:}
        -:  745:
function mmj_log_get_callback_count called 1 returned 100% blocks executed 71%
        1:  746:int64_t mmj_log_get_callback_count(void* log_handle) {
        1:  747:    mmj_log_handle* handle = (mmj_log_handle*)log_handle;
        -:  748:
        1:  749:    if (handle == NULL || !handle->initialized) {
branch  0 taken 1 (fallthrough)
branch  1 taken 0
branch  2 taken 0 (fallthrough)
branch  3 taken 1
    #####:  750:        return (int64_t)MA_INVALID_ARGS;
        -:  751:    }
        -:  752:
        1:  753:    if (handle->callback_count > (uint64_t)INT64_MAX) {
branch  0 taken 0 (fallthrough)
branch  1 taken 1
    #####:  754:        return (int64_t)MA_OUT_OF_RANGE;
        -:  755:    }
        -:  756:
        1:  757:    return (int64_t)handle->callback_count;
        -:  758:}
        -:  759:
function mmj_log_uninit called 2 returned 100% blocks executed 70%
        2:  760:int mmj_log_uninit(void* log_handle) {
        2:  761:    mmj_log_handle* handle = (mmj_log_handle*)log_handle;
        -:  762:
        2:  763:    if (handle == NULL) {
branch  0 taken 1 (fallthrough)
branch  1 taken 1
        1:  764:        return MA_INVALID_ARGS;
        -:  765:    }
        -:  766:
        1:  767:    if (!handle->initialized) {
branch  0 taken 0 (fallthrough)
branch  1 taken 1
    #####:  768:        return MA_SUCCESS;
        -:  769:    }
        -:  770:
        1:  771:    if (handle->callback_registered) {
branch  0 taken 0 (fallthrough)
branch  1 taken 1
    #####:  772:        (void)ma_log_unregister_callback(&handle->log, handle->callback);
call    0 never executed
    #####:  773:        handle->callback_registered = 0;
        -:  774:    }
        -:  775:
        1:  776:    ma_log_uninit(&handle->log);
call    0 returned 1
        1:  777:    handle->initialized = 0;
        1:  778:    return MA_SUCCESS;
        -:  779:}
        -:  780:
function mmj_log_destroy called 2 returned 100% blocks executed 40%
        2:  781:void mmj_log_destroy(void* log_handle) {
        2:  782:    mmj_log_handle* handle = (mmj_log_handle*)log_handle;
        -:  783:
        2:  784:    if (handle == NULL) {
branch  0 taken 0 (fallthrough)
branch  1 taken 2
    #####:  785:        return;
        -:  786:    }
        -:  787:
        2:  788:    if (handle->initialized) {
branch  0 taken 0 (fallthrough)
branch  1 taken 2
    #####:  789:        if (handle->callback_registered) {
branch  0 never executed (fallthrough)
branch  1 never executed
    #####:  790:            (void)ma_log_unregister_callback(&handle->log, handle->callback);
call    0 never executed
    #####:  791:            handle->callback_registered = 0;
        -:  792:        }
        -:  793:
    #####:  794:        ma_log_uninit(&handle->log);
call    0 never executed
    #####:  795:        handle->initialized = 0;
        -:  796:    }
        -:  797:
        2:  798:    free(handle);
        -:  799:}
        -:  800:
function mmj_play_sine_f32 called 2 returned 100% blocks executed 82%
        2:  801:int mmj_play_sine_f32(
        -:  802:    uint32_t sample_rate,
        -:  803:    uint32_t channels,
        -:  804:    double frequency_hz,
        -:  805:    double duration_seconds,
        -:  806:    float gain
        -:  807:) {
        -:  808:    ma_result result;
        -:  809:    ma_device_config config;
        -:  810:    ma_device device;
        -:  811:    mmj_sine_state state;
        -:  812:
        2:  813:    if (sample_rate == 0 || channels == 0 || duration_seconds <= 0.0) {
branch  0 taken 1 (fallthrough)
branch  1 taken 1
branch  2 taken 1 (fallthrough)
branch  3 taken 0
branch  4 taken 0 (fallthrough)
branch  5 taken 1
        1:  814:        return MA_INVALID_ARGS;
        -:  815:    }
        -:  816:
        1:  817:    state.phase = 0.0;
        1:  818:    state.phase_step = (2.0 * MMJ_PI * frequency_hz) / (double)sample_rate;
        1:  819:    state.gain = gain;
        1:  820:    state.channels = channels;
        -:  821:
        1:  822:    config = ma_device_config_init(ma_device_type_playback);
call    0 returned 1
        1:  823:    config.sampleRate = sample_rate;
        1:  824:    config.playback.format = ma_format_f32;
        1:  825:    config.playback.channels = channels;
        1:  826:    config.dataCallback = mmj_data_callback;
        1:  827:    config.pUserData = &state;
        -:  828:
        1:  829:    result = ma_device_init(NULL, &config, &device);
call    0 returned 1
        1:  830:    if (result != MA_SUCCESS) {
branch  0 taken 0 (fallthrough)
branch  1 taken 1
    #####:  831:        return result;
        -:  832:    }
        -:  833:
        1:  834:    result = ma_device_start(&device);
call    0 returned 1
        1:  835:    if (result != MA_SUCCESS) {
branch  0 taken 0 (fallthrough)
branch  1 taken 1
    #####:  836:        ma_device_uninit(&device);
call    0 never executed
    #####:  837:        return result;
        -:  838:    }
        -:  839:
        1:  840:    mmj_sleep_ms((uint32_t)(duration_seconds * 1000.0));
call    0 returned 1
        1:  841:    ma_device_uninit(&device);
call    0 returned 1
        1:  842:    return MA_SUCCESS;
        -:  843:}
        -:  844:
function mmj_play_file_f32 called 2 returned 100% blocks executed 72%
        2:  845:int mmj_play_file_f32(
        -:  846:    const char* file_path,
        -:  847:    uint32_t output_channels,
        -:  848:    uint32_t output_sample_rate
        -:  849:) {
        -:  850:    ma_result result;
        2:  851:    ma_uint64 length_in_pcm_frames = 0;
        -:  852:    ma_decoder_config decoder_config;
        -:  853:    ma_device_config device_config;
        -:  854:    ma_device device;
        -:  855:    mmj_file_playback_state state;
        -:  856:    uint32_t playback_ms;
        -:  857:
        2:  858:    if (file_path == NULL || output_channels == 0 || output_sample_rate == 0) {
branch  0 taken 1 (fallthrough)
branch  1 taken 1
branch  2 taken 1 (fallthrough)
branch  3 taken 0
branch  4 taken 0 (fallthrough)
branch  5 taken 1
        1:  859:        return MA_INVALID_ARGS;
        -:  860:    }
        -:  861:
        1:  862:    decoder_config = ma_decoder_config_init(
call    0 returned 1
        -:  863:        ma_format_f32,
        -:  864:        output_channels,
        -:  865:        output_sample_rate
        -:  866:    );
        1:  867:    result = ma_decoder_init_file(file_path, &decoder_config, &state.decoder);
call    0 returned 1
        1:  868:    if (result != MA_SUCCESS) {
branch  0 taken 0 (fallthrough)
branch  1 taken 1
    #####:  869:        return result;
        -:  870:    }
        -:  871:
        1:  872:    state.channels = output_channels;
        -:  873:
        1:  874:    result = ma_decoder_get_length_in_pcm_frames(&state.decoder, &length_in_pcm_frames);
call    0 returned 1
        1:  875:    if (result != MA_SUCCESS) {
branch  0 taken 0 (fallthrough)
branch  1 taken 1
    #####:  876:        ma_decoder_uninit(&state.decoder);
call    0 never executed
    #####:  877:        return result;
        -:  878:    }
        -:  879:
        1:  880:    device_config = ma_device_config_init(ma_device_type_playback);
call    0 returned 1
        1:  881:    device_config.sampleRate = output_sample_rate;
        1:  882:    device_config.playback.format = ma_format_f32;
        1:  883:    device_config.playback.channels = output_channels;
        1:  884:    device_config.dataCallback = mmj_file_playback_callback;
        1:  885:    device_config.pUserData = &state;
        -:  886:
        1:  887:    result = ma_device_init(NULL, &device_config, &device);
call    0 returned 1
        1:  888:    if (result != MA_SUCCESS) {
branch  0 taken 0 (fallthrough)
branch  1 taken 1
    #####:  889:        ma_decoder_uninit(&state.decoder);
call    0 never executed
    #####:  890:        return result;
        -:  891:    }
        -:  892:
        1:  893:    result = ma_device_start(&device);
call    0 returned 1
        1:  894:    if (result != MA_SUCCESS) {
branch  0 taken 0 (fallthrough)
branch  1 taken 1
    #####:  895:        ma_device_uninit(&device);
call    0 never executed
    #####:  896:        ma_decoder_uninit(&state.decoder);
call    0 never executed
    #####:  897:        return result;
        -:  898:    }
        -:  899:
        1:  900:    playback_ms = (uint32_t)((length_in_pcm_frames * 1000u) / output_sample_rate);
        1:  901:    mmj_sleep_ms(playback_ms + 50u);
call    0 returned 1
        -:  902:
        1:  903:    ma_device_stop(&device);
call    0 returned 1
        1:  904:    ma_device_uninit(&device);
call    0 returned 1
        1:  905:    ma_decoder_uninit(&state.decoder);
call    0 returned 1
        1:  906:    return MA_SUCCESS;
        -:  907:}
        -:  908:
function mmj_capture_smoke_f32 called 2 returned 100% blocks executed 82%
        2:  909:int mmj_capture_smoke_f32(
        -:  910:    uint32_t sample_rate,
        -:  911:    uint32_t channels,
        -:  912:    double duration_seconds
        -:  913:) {
        -:  914:    ma_result result;
        -:  915:    ma_device_config config;
        -:  916:    ma_device device;
        -:  917:    mmj_capture_state state;
        -:  918:
        2:  919:    if (sample_rate == 0 || channels == 0 || duration_seconds <= 0.0) {
branch  0 taken 1 (fallthrough)
branch  1 taken 1
branch  2 taken 1 (fallthrough)
branch  3 taken 0
branch  4 taken 0 (fallthrough)
branch  5 taken 1
        1:  920:        return MA_INVALID_ARGS;
        -:  921:    }
        -:  922:
        1:  923:    state.observed_frames = 0;
        -:  924:
        1:  925:    config = ma_device_config_init(ma_device_type_capture);
call    0 returned 1
        1:  926:    config.sampleRate = sample_rate;
        1:  927:    config.capture.format = ma_format_f32;
        1:  928:    config.capture.channels = channels;
        1:  929:    config.dataCallback = mmj_capture_callback;
        1:  930:    config.pUserData = &state;
        -:  931:
        1:  932:    result = ma_device_init(NULL, &config, &device);
call    0 returned 1
        1:  933:    if (result != MA_SUCCESS) {
branch  0 taken 0 (fallthrough)
branch  1 taken 1
    #####:  934:        return result;
        -:  935:    }
        -:  936:
        1:  937:    result = ma_device_start(&device);
call    0 returned 1
        1:  938:    if (result != MA_SUCCESS) {
branch  0 taken 0 (fallthrough)
branch  1 taken 1
    #####:  939:        ma_device_uninit(&device);
call    0 never executed
    #####:  940:        return result;
        -:  941:    }
        -:  942:
        1:  943:    mmj_sleep_ms((uint32_t)(duration_seconds * 1000.0));
call    0 returned 1
        1:  944:    ma_device_uninit(&device);
call    0 returned 1
        -:  945:
        1:  946:    return MA_SUCCESS;
        -:  947:}
        -:  948:
function mmj_capture_to_wav_f32 called 2 returned 100% blocks executed 74%
        2:  949:int mmj_capture_to_wav_f32(
        -:  950:    const char* output_path,
        -:  951:    uint32_t sample_rate,
        -:  952:    uint32_t channels,
        -:  953:    double duration_seconds
        -:  954:) {
        -:  955:    ma_result result;
        -:  956:    ma_device_config config;
        -:  957:    ma_device device;
        -:  958:    ma_encoder_config encoder_config;
        -:  959:    mmj_capture_to_wav_state state;
        -:  960:
        2:  961:    if (
branch  0 taken 1 (fallthrough)
branch  1 taken 1
        -:  962:        output_path == NULL
        1:  963:        || sample_rate == 0
branch  0 taken 1 (fallthrough)
branch  1 taken 0
        1:  964:        || channels == 0
branch  0 taken 1 (fallthrough)
branch  1 taken 0
        1:  965:        || duration_seconds <= 0.0
branch  0 taken 0 (fallthrough)
branch  1 taken 1
        -:  966:    ) {
        1:  967:        return MA_INVALID_ARGS;
        -:  968:    }
        -:  969:
        1:  970:    state.observed_frames = 0;
        1:  971:    state.write_failed = 0;
        1:  972:    state.write_result = MA_SUCCESS;
        -:  973:
        1:  974:    encoder_config = ma_encoder_config_init(
call    0 returned 1
        -:  975:        ma_encoding_format_wav,
        -:  976:        ma_format_f32,
        -:  977:        channels,
        -:  978:        sample_rate
        -:  979:    );
        1:  980:    result = ma_encoder_init_file(output_path, &encoder_config, &state.encoder);
call    0 returned 1
        1:  981:    if (result != MA_SUCCESS) {
branch  0 taken 0 (fallthrough)
branch  1 taken 1
    #####:  982:        return result;
        -:  983:    }
        -:  984:
        1:  985:    config = ma_device_config_init(ma_device_type_capture);
call    0 returned 1
        1:  986:    config.sampleRate = sample_rate;
        1:  987:    config.capture.format = ma_format_f32;
        1:  988:    config.capture.channels = channels;
        1:  989:    config.dataCallback = mmj_capture_to_wav_callback;
        1:  990:    config.pUserData = &state;
        -:  991:
        1:  992:    result = ma_device_init(NULL, &config, &device);
call    0 returned 1
        1:  993:    if (result != MA_SUCCESS) {
branch  0 taken 0 (fallthrough)
branch  1 taken 1
    #####:  994:        ma_encoder_uninit(&state.encoder);
call    0 never executed
    #####:  995:        return result;
        -:  996:    }
        -:  997:
        1:  998:    result = ma_device_start(&device);
call    0 returned 1
        1:  999:    if (result != MA_SUCCESS) {
branch  0 taken 0 (fallthrough)
branch  1 taken 1
    #####: 1000:        ma_device_uninit(&device);
call    0 never executed
    #####: 1001:        ma_encoder_uninit(&state.encoder);
call    0 never executed
    #####: 1002:        return result;
        -: 1003:    }
        -: 1004:
        1: 1005:    mmj_sleep_ms((uint32_t)(duration_seconds * 1000.0));
call    0 returned 1
        1: 1006:    ma_device_uninit(&device);
call    0 returned 1
        1: 1007:    ma_encoder_uninit(&state.encoder);
call    0 returned 1
        -: 1008:
        1: 1009:    if (state.write_failed) {
branch  0 taken 0 (fallthrough)
branch  1 taken 1
    #####: 1010:        return state.write_result;
        -: 1011:    }
        -: 1012:
        1: 1013:    return MA_SUCCESS;
        -: 1014:}
        -: 1015:
function mmj_duplex_smoke_f32 called 2 returned 100% blocks executed 82%
        2: 1016:int mmj_duplex_smoke_f32(
        -: 1017:    uint32_t sample_rate,
        -: 1018:    uint32_t channels,
        -: 1019:    double duration_seconds
        -: 1020:) {
        -: 1021:    ma_result result;
        -: 1022:    ma_device_config config;
        -: 1023:    ma_device device;
        -: 1024:    mmj_duplex_state state;
        -: 1025:
        2: 1026:    if (sample_rate == 0 || channels == 0 || duration_seconds <= 0.0) {
branch  0 taken 1 (fallthrough)
branch  1 taken 1
branch  2 taken 1 (fallthrough)
branch  3 taken 0
branch  4 taken 0 (fallthrough)
branch  5 taken 1
        1: 1027:        return MA_INVALID_ARGS;
        -: 1028:    }
        -: 1029:
        1: 1030:    state.observed_frames = 0;
        1: 1031:    state.channels = channels;
        -: 1032:
        1: 1033:    config = ma_device_config_init(ma_device_type_duplex);
call    0 returned 1
        1: 1034:    config.sampleRate = sample_rate;
        1: 1035:    config.capture.format = ma_format_f32;
        1: 1036:    config.capture.channels = channels;
        1: 1037:    config.playback.format = ma_format_f32;
        1: 1038:    config.playback.channels = channels;
        1: 1039:    config.dataCallback = mmj_duplex_callback;
        1: 1040:    config.pUserData = &state;
        -: 1041:
        1: 1042:    result = ma_device_init(NULL, &config, &device);
call    0 returned 1
        1: 1043:    if (result != MA_SUCCESS) {
branch  0 taken 0 (fallthrough)
branch  1 taken 1
    #####: 1044:        return result;
        -: 1045:    }
        -: 1046:
        1: 1047:    result = ma_device_start(&device);
call    0 returned 1
        1: 1048:    if (result != MA_SUCCESS) {
branch  0 taken 0 (fallthrough)
branch  1 taken 1
    #####: 1049:        ma_device_uninit(&device);
call    0 never executed
    #####: 1050:        return result;
        -: 1051:    }
        -: 1052:
        1: 1053:    mmj_sleep_ms((uint32_t)(duration_seconds * 1000.0));
call    0 returned 1
        1: 1054:    ma_device_uninit(&device);
call    0 returned 1
        -: 1055:
        1: 1056:    return MA_SUCCESS;
        -: 1057:}
        -: 1058:
function mmj_context_create called 2 returned 100% blocks executed 100%
        2: 1059:void* mmj_context_create(void) {
        2: 1060:    mmj_context_handle* handle = (mmj_context_handle*)calloc(1, sizeof(mmj_context_handle));
        2: 1061:    return handle;
        -: 1062:}
        -: 1063:
function mmj_context_init_default called 2 returned 100% blocks executed 89%
        2: 1064:int mmj_context_init_default(void* context_handle) {
        2: 1065:    mmj_context_handle* handle = (mmj_context_handle*)context_handle;
        -: 1066:    ma_result result;
        -: 1067:
        2: 1068:    if (handle == NULL) {
branch  0 taken 1 (fallthrough)
branch  1 taken 1
        1: 1069:        return MA_INVALID_ARGS;
        -: 1070:    }
        -: 1071:
        1: 1072:    if (handle->initialized) {
branch  0 taken 0 (fallthrough)
branch  1 taken 1
    #####: 1073:        return MA_SUCCESS;
        -: 1074:    }
        -: 1075:
        1: 1076:    result = ma_context_init(NULL, 0, NULL, &handle->context);
call    0 returned 1
        1: 1077:    if (result == MA_SUCCESS) {
branch  0 taken 1 (fallthrough)
branch  1 taken 0
        1: 1078:        handle->initialized = 1;
        -: 1079:    }
        -: 1080:
        1: 1081:    return result;
        -: 1082:}
        -: 1083:
function mmj_context_uninit called 2 returned 100% blocks executed 86%
        2: 1084:int mmj_context_uninit(void* context_handle) {
        2: 1085:    mmj_context_handle* handle = (mmj_context_handle*)context_handle;
        -: 1086:
        2: 1087:    if (handle == NULL) {
branch  0 taken 1 (fallthrough)
branch  1 taken 1
        1: 1088:        return MA_INVALID_ARGS;
        -: 1089:    }
        -: 1090:
        1: 1091:    if (!handle->initialized) {
branch  0 taken 0 (fallthrough)
branch  1 taken 1
    #####: 1092:        return MA_SUCCESS;
        -: 1093:    }
        -: 1094:
        1: 1095:    ma_context_uninit(&handle->context);
call    0 returned 1
        1: 1096:    handle->initialized = 0;
        1: 1097:    return MA_SUCCESS;
        -: 1098:}
        -: 1099:
function mmj_context_get_device_count_internal called 4 returned 100% blocks executed 91%
        4: 1100:static int64_t mmj_context_get_device_count_internal(
        -: 1101:    void* context_handle,
        -: 1102:    int is_playback
        -: 1103:) {
        4: 1104:    mmj_context_handle* handle = (mmj_context_handle*)context_handle;
        4: 1105:    ma_device_info* playback_infos = NULL;
        4: 1106:    ma_device_info* capture_infos = NULL;
        4: 1107:    ma_uint32 playback = 0;
        4: 1108:    ma_uint32 capture = 0;
        -: 1109:    ma_result result;
        -: 1110:
        4: 1111:    if (handle == NULL || !handle->initialized) {
branch  0 taken 2 (fallthrough)
branch  1 taken 2
branch  2 taken 0 (fallthrough)
branch  3 taken 2
        2: 1112:        return (int64_t)MA_INVALID_ARGS;
        -: 1113:    }
        -: 1114:
        2: 1115:    result = ma_context_get_devices(
call    0 returned 2
        -: 1116:        &handle->context,
        -: 1117:        &playback_infos,
        -: 1118:        &playback,
        -: 1119:        &capture_infos,
        -: 1120:        &capture
        -: 1121:    );
        -: 1122:    (void)playback_infos;
        -: 1123:    (void)capture_infos;
        2: 1124:    if (result != MA_SUCCESS) {
branch  0 taken 0 (fallthrough)
branch  1 taken 2
    #####: 1125:        return (int64_t)result;
        -: 1126:    }
        -: 1127:
        2: 1128:    if (is_playback) {
branch  0 taken 1 (fallthrough)
branch  1 taken 1
        1: 1129:        return (int64_t)playback;
        -: 1130:    }
        1: 1131:    return (int64_t)capture;
        -: 1132:}
        -: 1133:
function mmj_context_get_playback_device_count called 2 returned 100% blocks executed 100%
        2: 1134:int64_t mmj_context_get_playback_device_count(void* context_handle) {
        2: 1135:    return mmj_context_get_device_count_internal(context_handle, 1);
call    0 returned 2
        -: 1136:}
        -: 1137:
function mmj_context_get_capture_device_count called 2 returned 100% blocks executed 100%
        2: 1138:int64_t mmj_context_get_capture_device_count(void* context_handle) {
        2: 1139:    return mmj_context_get_device_count_internal(context_handle, 0);
call    0 returned 2
        -: 1140:}
        -: 1141:
function mmj_context_get_device_name_internal called 4 returned 100% blocks executed 80%
        4: 1142:static int mmj_context_get_device_name_internal(
        -: 1143:    mmj_context_handle* handle,
        -: 1144:    uint32_t index,
        -: 1145:    char* output,
        -: 1146:    uint32_t output_capacity,
        -: 1147:    int is_playback
        -: 1148:) {
        4: 1149:    ma_device_info* playback_infos = NULL;
        4: 1150:    ma_device_info* capture_infos = NULL;
        4: 1151:    ma_uint32 playback = 0;
        4: 1152:    ma_uint32 capture = 0;
        4: 1153:    const char* name = NULL;
        -: 1154:    ma_result result;
        -: 1155:
        4: 1156:    if (handle == NULL || !handle->initialized || output == NULL || output_capacity == 0) {
branch  0 taken 2 (fallthrough)
branch  1 taken 2
branch  2 taken 2 (fallthrough)
branch  3 taken 0
branch  4 taken 2 (fallthrough)
branch  5 taken 0
branch  6 taken 0 (fallthrough)
branch  7 taken 2
        2: 1157:        return MA_INVALID_ARGS;
        -: 1158:    }
        -: 1159:
        2: 1160:    result = ma_context_get_devices(
call    0 returned 2
        -: 1161:        &handle->context,
        -: 1162:        &playback_infos,
        -: 1163:        &playback,
        -: 1164:        &capture_infos,
        -: 1165:        &capture
        -: 1166:    );
        2: 1167:    if (result != MA_SUCCESS) {
branch  0 taken 0 (fallthrough)
branch  1 taken 2
    #####: 1168:        return result;
        -: 1169:    }
        -: 1170:
        2: 1171:    if (is_playback) {
branch  0 taken 1 (fallthrough)
branch  1 taken 1
        1: 1172:        if (index >= playback) {
branch  0 taken 0 (fallthrough)
branch  1 taken 1
    #####: 1173:            return MA_OUT_OF_RANGE;
        -: 1174:        }
        1: 1175:        name = playback_infos[index].name;
        -: 1176:    } else {
        1: 1177:        if (index >= capture) {
branch  0 taken 0 (fallthrough)
branch  1 taken 1
    #####: 1178:            return MA_OUT_OF_RANGE;
        -: 1179:        }
        1: 1180:        name = capture_infos[index].name;
        -: 1181:    }
        -: 1182:
        2: 1183:    if (name == NULL) {
branch  0 taken 0 (fallthrough)
branch  1 taken 2
    #####: 1184:        return MA_INVALID_DATA;
        -: 1185:    }
        -: 1186:
        2: 1187:    strncpy(output, name, (size_t)output_capacity - 1u);
        2: 1188:    output[output_capacity - 1u] = '\0';
        2: 1189:    return MA_SUCCESS;
        -: 1190:}
        -: 1191:
function mmj_context_get_playback_device_name called 2 returned 100% blocks executed 100%
        2: 1192:int mmj_context_get_playback_device_name(
        -: 1193:    void* context_handle,
        -: 1194:    uint32_t index,
        -: 1195:    char* output,
        -: 1196:    uint32_t output_capacity
        -: 1197:) {
        2: 1198:    mmj_context_handle* handle = (mmj_context_handle*)context_handle;
        2: 1199:    return mmj_context_get_device_name_internal(
call    0 returned 2
        -: 1200:        handle,
        -: 1201:        index,
        -: 1202:        output,
        -: 1203:        output_capacity,
        -: 1204:        1
        -: 1205:    );
        -: 1206:}
        -: 1207:
function mmj_context_get_capture_device_name called 2 returned 100% blocks executed 100%
        2: 1208:int mmj_context_get_capture_device_name(
        -: 1209:    void* context_handle,
        -: 1210:    uint32_t index,
        -: 1211:    char* output,
        -: 1212:    uint32_t output_capacity
        -: 1213:) {
        2: 1214:    mmj_context_handle* handle = (mmj_context_handle*)context_handle;
        2: 1215:    return mmj_context_get_device_name_internal(
call    0 returned 2
        -: 1216:        handle,
        -: 1217:        index,
        -: 1218:        output,
        -: 1219:        output_capacity,
        -: 1220:        0
        -: 1221:    );
        -: 1222:}
        -: 1223:
function mmj_context_destroy called 2 returned 100% blocks executed 57%
        2: 1224:void mmj_context_destroy(void* context_handle) {
        2: 1225:    mmj_context_handle* handle = (mmj_context_handle*)context_handle;
        -: 1226:
        2: 1227:    if (handle == NULL) {
branch  0 taken 0 (fallthrough)
branch  1 taken 2
    #####: 1228:        return;
        -: 1229:    }
        -: 1230:
        2: 1231:    if (handle->initialized) {
branch  0 taken 0 (fallthrough)
branch  1 taken 2
    #####: 1232:        ma_context_uninit(&handle->context);
call    0 never executed
    #####: 1233:        handle->initialized = 0;
        -: 1234:    }
        -: 1235:
        2: 1236:    free(handle);
        -: 1237:}
        -: 1238:
function mmj_engine_create called 2 returned 100% blocks executed 100%
        2: 1239:void* mmj_engine_create(void) {
        2: 1240:    mmj_engine_handle* handle = (mmj_engine_handle*)calloc(1, sizeof(mmj_engine_handle));
        2: 1241:    return handle;
        -: 1242:}
        -: 1243:
function mmj_engine_init_default called 2 returned 100% blocks executed 91%
        2: 1244:int mmj_engine_init_default(void* engine_handle) {
        2: 1245:    mmj_engine_handle* handle = (mmj_engine_handle*)engine_handle;
        -: 1246:    ma_engine_config config;
        -: 1247:    ma_result result;
        -: 1248:
        2: 1249:    if (handle == NULL) {
branch  0 taken 1 (fallthrough)
branch  1 taken 1
        1: 1250:        return MA_INVALID_ARGS;
        -: 1251:    }
        -: 1252:
        1: 1253:    if (handle->initialized) {
branch  0 taken 0 (fallthrough)
branch  1 taken 1
    #####: 1254:        return MA_SUCCESS;
        -: 1255:    }
        -: 1256:
        1: 1257:    config = ma_engine_config_init();
call    0 returned 1
        1: 1258:    result = ma_engine_init(&config, &handle->engine);
call    0 returned 1
        1: 1259:    if (result == MA_SUCCESS) {
branch  0 taken 1 (fallthrough)
branch  1 taken 0
        1: 1260:        handle->initialized = 1;
        -: 1261:    }
        -: 1262:
        1: 1263:    return result;
        -: 1264:}
        -: 1265:
function mmj_engine_uninit called 2 returned 100% blocks executed 86%
        2: 1266:int mmj_engine_uninit(void* engine_handle) {
        2: 1267:    mmj_engine_handle* handle = (mmj_engine_handle*)engine_handle;
        -: 1268:
        2: 1269:    if (handle == NULL) {
branch  0 taken 1 (fallthrough)
branch  1 taken 1
        1: 1270:        return MA_INVALID_ARGS;
        -: 1271:    }
        -: 1272:
        1: 1273:    if (!handle->initialized) {
branch  0 taken 0 (fallthrough)
branch  1 taken 1
    #####: 1274:        return MA_SUCCESS;
        -: 1275:    }
        -: 1276:
        1: 1277:    ma_engine_uninit(&handle->engine);
call    0 returned 1
        1: 1278:    handle->initialized = 0;
        1: 1279:    return MA_SUCCESS;
        -: 1280:}
        -: 1281:
function mmj_engine_play_sound called 1 returned 100% blocks executed 50%
        1: 1282:int mmj_engine_play_sound(void* engine_handle, const char* file_path) {
        1: 1283:    mmj_engine_handle* handle = (mmj_engine_handle*)engine_handle;
        -: 1284:
       1*: 1285:    if (handle == NULL || !handle->initialized || file_path == NULL) {
branch  0 taken 0 (fallthrough)
branch  1 taken 1
branch  2 never executed (fallthrough)
branch  3 never executed
branch  4 never executed (fallthrough)
branch  5 never executed
        1: 1286:        return MA_INVALID_ARGS;
        -: 1287:    }
        -: 1288:
    #####: 1289:    return ma_engine_play_sound(&handle->engine, file_path, NULL);
call    0 never executed
        -: 1290:}
        -: 1291:
function mmj_engine_listener_set_position called 2 returned 100% blocks executed 100%
        2: 1292:int mmj_engine_listener_set_position(
        -: 1293:    void* engine_handle,
        -: 1294:    uint32_t listener_index,
        -: 1295:    float x,
        -: 1296:    float y,
        -: 1297:    float z
        -: 1298:) {
        2: 1299:    mmj_engine_handle* handle = (mmj_engine_handle*)engine_handle;
        -: 1300:
        2: 1301:    if (handle == NULL || !handle->initialized) {
branch  0 taken 1 (fallthrough)
branch  1 taken 1
branch  2 taken 0 (fallthrough)
branch  3 taken 1
        1: 1302:        return MA_INVALID_ARGS;
        -: 1303:    }
        -: 1304:
        1: 1305:    ma_engine_listener_set_position(&handle->engine, listener_index, x, y, z);
call    0 returned 1
        1: 1306:    return MA_SUCCESS;
        -: 1307:}
        -: 1308:
function mmj_engine_listener_set_direction called 2 returned 100% blocks executed 100%
        2: 1309:int mmj_engine_listener_set_direction(
        -: 1310:    void* engine_handle,
        -: 1311:    uint32_t listener_index,
        -: 1312:    float x,
        -: 1313:    float y,
        -: 1314:    float z
        -: 1315:) {
        2: 1316:    mmj_engine_handle* handle = (mmj_engine_handle*)engine_handle;
        -: 1317:
        2: 1318:    if (handle == NULL || !handle->initialized) {
branch  0 taken 1 (fallthrough)
branch  1 taken 1
branch  2 taken 0 (fallthrough)
branch  3 taken 1
        1: 1319:        return MA_INVALID_ARGS;
        -: 1320:    }
        -: 1321:
        1: 1322:    ma_engine_listener_set_direction(&handle->engine, listener_index, x, y, z);
call    0 returned 1
        1: 1323:    return MA_SUCCESS;
        -: 1324:}
        -: 1325:
function mmj_engine_listener_set_world_up called 2 returned 100% blocks executed 100%
        2: 1326:int mmj_engine_listener_set_world_up(
        -: 1327:    void* engine_handle,
        -: 1328:    uint32_t listener_index,
        -: 1329:    float x,
        -: 1330:    float y,
        -: 1331:    float z
        -: 1332:) {
        2: 1333:    mmj_engine_handle* handle = (mmj_engine_handle*)engine_handle;
        -: 1334:
        2: 1335:    if (handle == NULL || !handle->initialized) {
branch  0 taken 1 (fallthrough)
branch  1 taken 1
branch  2 taken 0 (fallthrough)
branch  3 taken 1
        1: 1336:        return MA_INVALID_ARGS;
        -: 1337:    }
        -: 1338:
        1: 1339:    ma_engine_listener_set_world_up(&handle->engine, listener_index, x, y, z);
call    0 returned 1
        1: 1340:    return MA_SUCCESS;
        -: 1341:}
        -: 1342:
function mmj_engine_get_endpoint called 2 returned 100% blocks executed 100%
        2: 1343:void* mmj_engine_get_endpoint(void* engine_handle) {
        2: 1344:    mmj_engine_handle* handle = (mmj_engine_handle*)engine_handle;
        -: 1345:
        2: 1346:    if (handle == NULL || !handle->initialized) {
branch  0 taken 1 (fallthrough)
branch  1 taken 1
branch  2 taken 0 (fallthrough)
branch  3 taken 1
        1: 1347:        return NULL;
        -: 1348:    }
        -: 1349:
        1: 1350:    return (void*)ma_engine_get_endpoint(&handle->engine);
call    0 returned 1
        -: 1351:}
        -: 1352:
function mmj_engine_destroy called 2 returned 100% blocks executed 57%
        2: 1353:void mmj_engine_destroy(void* engine_handle) {
        2: 1354:    mmj_engine_handle* handle = (mmj_engine_handle*)engine_handle;
        -: 1355:
        2: 1356:    if (handle == NULL) {
branch  0 taken 0 (fallthrough)
branch  1 taken 2
    #####: 1357:        return;
        -: 1358:    }
        -: 1359:
        2: 1360:    if (handle->initialized) {
branch  0 taken 0 (fallthrough)
branch  1 taken 2
    #####: 1361:        ma_engine_uninit(&handle->engine);
call    0 never executed
    #####: 1362:        handle->initialized = 0;
        -: 1363:    }
        -: 1364:
        2: 1365:    free(handle);
        -: 1366:}
        -: 1367:
function mmj_sound_create called 2 returned 100% blocks executed 100%
        2: 1368:void* mmj_sound_create(void) {
        2: 1369:    mmj_sound_handle* handle = (mmj_sound_handle*)calloc(1, sizeof(mmj_sound_handle));
        2: 1370:    return handle;
        -: 1371:}
        -: 1372:
function mmj_sound_init_from_file called 1 returned 100% blocks executed 23%
        1: 1373:int mmj_sound_init_from_file(
        -: 1374:    void* sound_handle,
        -: 1375:    void* engine_handle,
        -: 1376:    const char* file_path
        -: 1377:) {
        1: 1378:    mmj_sound_handle* sound = (mmj_sound_handle*)sound_handle;
        1: 1379:    mmj_engine_handle* engine = (mmj_engine_handle*)engine_handle;
        -: 1380:    ma_result result;
        -: 1381:
       1*: 1382:    if (sound == NULL || engine == NULL || !engine->initialized || file_path == NULL) {
branch  0 taken 0 (fallthrough)
branch  1 taken 1
branch  2 never executed (fallthrough)
branch  3 never executed
branch  4 never executed (fallthrough)
branch  5 never executed
branch  6 never executed (fallthrough)
branch  7 never executed
        1: 1383:        return MA_INVALID_ARGS;
        -: 1384:    }
        -: 1385:
    #####: 1386:    if (sound->initialized) {
branch  0 never executed (fallthrough)
branch  1 never executed
    #####: 1387:        ma_sound_uninit(&sound->sound);
call    0 never executed
    #####: 1388:        sound->initialized = 0;
        -: 1389:    }
        -: 1390:
    #####: 1391:    result = ma_sound_init_from_file(&engine->engine, file_path, 0, NULL, NULL, &sound->sound);
call    0 never executed
    #####: 1392:    if (result == MA_SUCCESS) {
branch  0 never executed (fallthrough)
branch  1 never executed
    #####: 1393:        sound->initialized = 1;
        -: 1394:    }
        -: 1395:
    #####: 1396:    return result;
        -: 1397:}
        -: 1398:
function mmj_sound_init_from_file_in_group called 2 returned 100% blocks executed 87%
        2: 1399:int mmj_sound_init_from_file_in_group(
        -: 1400:    void* sound_handle,
        -: 1401:    void* engine_handle,
        -: 1402:    void* sound_group_handle,
        -: 1403:    const char* file_path
        -: 1404:) {
        2: 1405:    mmj_sound_handle* sound = (mmj_sound_handle*)sound_handle;
        2: 1406:    mmj_engine_handle* engine = (mmj_engine_handle*)engine_handle;
        2: 1407:    mmj_sound_group_handle* group = (mmj_sound_group_handle*)sound_group_handle;
        -: 1408:    ma_result result;
        -: 1409:
        2: 1410:    if (
branch  0 taken 1 (fallthrough)
branch  1 taken 1
        -: 1411:        sound == NULL
        1: 1412:        || engine == NULL
branch  0 taken 1 (fallthrough)
branch  1 taken 0
        1: 1413:        || !engine->initialized
branch  0 taken 1 (fallthrough)
branch  1 taken 0
        1: 1414:        || group == NULL
branch  0 taken 1 (fallthrough)
branch  1 taken 0
        1: 1415:        || !group->initialized
branch  0 taken 1 (fallthrough)
branch  1 taken 0
        1: 1416:        || file_path == NULL
branch  0 taken 0 (fallthrough)
branch  1 taken 1
        -: 1417:    ) {
        1: 1418:        return MA_INVALID_ARGS;
        -: 1419:    }
        -: 1420:
        1: 1421:    if (sound->initialized) {
branch  0 taken 0 (fallthrough)
branch  1 taken 1
    #####: 1422:        ma_sound_uninit(&sound->sound);
call    0 never executed
    #####: 1423:        sound->initialized = 0;
        -: 1424:    }
        -: 1425:
        1: 1426:    result = ma_sound_init_from_file(
call    0 returned 1
        -: 1427:        &engine->engine,
        -: 1428:        file_path,
        -: 1429:        0,
        -: 1430:        &group->sound_group,
        -: 1431:        NULL,
        -: 1432:        &sound->sound
        -: 1433:    );
        1: 1434:    if (result == MA_SUCCESS) {
branch  0 taken 1 (fallthrough)
branch  1 taken 0
        1: 1435:        sound->initialized = 1;
        -: 1436:    }
        -: 1437:
        1: 1438:    return result;
        -: 1439:}
        -: 1440:
function mmj_sound_start called 2 returned 100% blocks executed 100%
        2: 1441:int mmj_sound_start(void* sound_handle) {
        2: 1442:    mmj_sound_handle* handle = (mmj_sound_handle*)sound_handle;
        -: 1443:
        2: 1444:    if (handle == NULL || !handle->initialized) {
branch  0 taken 1 (fallthrough)
branch  1 taken 1
branch  2 taken 0 (fallthrough)
branch  3 taken 1
        1: 1445:        return MA_INVALID_ARGS;
        -: 1446:    }
        -: 1447:
        1: 1448:    return ma_sound_start(&handle->sound);
call    0 returned 1
        -: 1449:}
        -: 1450:
function mmj_sound_stop called 2 returned 100% blocks executed 100%
        2: 1451:int mmj_sound_stop(void* sound_handle) {
        2: 1452:    mmj_sound_handle* handle = (mmj_sound_handle*)sound_handle;
        -: 1453:
        2: 1454:    if (handle == NULL || !handle->initialized) {
branch  0 taken 1 (fallthrough)
branch  1 taken 1
branch  2 taken 0 (fallthrough)
branch  3 taken 1
        1: 1455:        return MA_INVALID_ARGS;
        -: 1456:    }
        -: 1457:
        1: 1458:    return ma_sound_stop(&handle->sound);
call    0 returned 1
        -: 1459:}
        -: 1460:
function mmj_sound_pause called 2 returned 100% blocks executed 100%
        2: 1461:int mmj_sound_pause(void* sound_handle) {
        2: 1462:    mmj_sound_handle* handle = (mmj_sound_handle*)sound_handle;
        -: 1463:
        2: 1464:    if (handle == NULL || !handle->initialized) {
branch  0 taken 1 (fallthrough)
branch  1 taken 1
branch  2 taken 0 (fallthrough)
branch  3 taken 1
        1: 1465:        return MA_INVALID_ARGS;
        -: 1466:    }
        -: 1467:
        -: 1468:    /* miniaudio does not expose an explicit pause API; stop preserves cursor state. */
        1: 1469:    return ma_sound_stop(&handle->sound);
call    0 returned 1
        -: 1470:}
        -: 1471:
function mmj_sound_seek_to_pcm_frame called 2 returned 100% blocks executed 100%
        2: 1472:int mmj_sound_seek_to_pcm_frame(void* sound_handle, uint64_t frame_index) {
        2: 1473:    mmj_sound_handle* handle = (mmj_sound_handle*)sound_handle;
        -: 1474:
        2: 1475:    if (handle == NULL || !handle->initialized) {
branch  0 taken 1 (fallthrough)
branch  1 taken 1
branch  2 taken 0 (fallthrough)
branch  3 taken 1
        1: 1476:        return MA_INVALID_ARGS;
        -: 1477:    }
        -: 1478:
        1: 1479:    return ma_sound_seek_to_pcm_frame(&handle->sound, (ma_uint64)frame_index);
call    0 returned 1
        -: 1480:}
        -: 1481:
function mmj_sound_set_looping called 2 returned 100% blocks executed 100%
        2: 1482:int mmj_sound_set_looping(void* sound_handle, int is_looping) {
        2: 1483:    mmj_sound_handle* handle = (mmj_sound_handle*)sound_handle;
        -: 1484:
        2: 1485:    if (handle == NULL || !handle->initialized) {
branch  0 taken 1 (fallthrough)
branch  1 taken 1
branch  2 taken 0 (fallthrough)
branch  3 taken 1
        1: 1486:        return MA_INVALID_ARGS;
        -: 1487:    }
        -: 1488:
        1: 1489:    ma_sound_set_looping(&handle->sound, is_looping ? MA_TRUE : MA_FALSE);
call    0 returned 1
        1: 1490:    return MA_SUCCESS;
        -: 1491:}
        -: 1492:
function mmj_sound_set_volume_f32 called 2 returned 100% blocks executed 100%
        2: 1493:int mmj_sound_set_volume_f32(void* sound_handle, float volume) {
        2: 1494:    mmj_sound_handle* handle = (mmj_sound_handle*)sound_handle;
        -: 1495:
        2: 1496:    if (handle == NULL || !handle->initialized) {
branch  0 taken 1 (fallthrough)
branch  1 taken 1
branch  2 taken 0 (fallthrough)
branch  3 taken 1
        1: 1497:        return MA_INVALID_ARGS;
        -: 1498:    }
        -: 1499:
        1: 1500:    ma_sound_set_volume(&handle->sound, volume);
call    0 returned 1
        1: 1501:    return MA_SUCCESS;
        -: 1502:}
        -: 1503:
function mmj_sound_set_spatialization_enabled called 2 returned 100% blocks executed 100%
        2: 1504:int mmj_sound_set_spatialization_enabled(void* sound_handle, int is_enabled) {
        2: 1505:    mmj_sound_handle* handle = (mmj_sound_handle*)sound_handle;
        -: 1506:
        2: 1507:    if (handle == NULL || !handle->initialized) {
branch  0 taken 1 (fallthrough)
branch  1 taken 1
branch  2 taken 0 (fallthrough)
branch  3 taken 1
        1: 1508:        return MA_INVALID_ARGS;
        -: 1509:    }
        -: 1510:
        1: 1511:    ma_sound_set_spatialization_enabled(&handle->sound, is_enabled ? MA_TRUE : MA_FALSE);
call    0 returned 1
        1: 1512:    return MA_SUCCESS;
        -: 1513:}
        -: 1514:
function mmj_sound_set_position called 2 returned 100% blocks executed 100%
        2: 1515:int mmj_sound_set_position(
        -: 1516:    void* sound_handle,
        -: 1517:    float x,
        -: 1518:    float y,
        -: 1519:    float z
        -: 1520:) {
        2: 1521:    mmj_sound_handle* handle = (mmj_sound_handle*)sound_handle;
        -: 1522:
        2: 1523:    if (handle == NULL || !handle->initialized) {
branch  0 taken 1 (fallthrough)
branch  1 taken 1
branch  2 taken 0 (fallthrough)
branch  3 taken 1
        1: 1524:        return MA_INVALID_ARGS;
        -: 1525:    }
        -: 1526:
        1: 1527:    ma_sound_set_position(&handle->sound, x, y, z);
call    0 returned 1
        1: 1528:    return MA_SUCCESS;
        -: 1529:}
        -: 1530:
function mmj_sound_set_rolloff called 2 returned 100% blocks executed 100%
        2: 1531:int mmj_sound_set_rolloff(void* sound_handle, float rolloff) {
        2: 1532:    mmj_sound_handle* handle = (mmj_sound_handle*)sound_handle;
        -: 1533:
        2: 1534:    if (handle == NULL || !handle->initialized) {
branch  0 taken 1 (fallthrough)
branch  1 taken 1
branch  2 taken 0 (fallthrough)
branch  3 taken 1
        1: 1535:        return MA_INVALID_ARGS;
        -: 1536:    }
        -: 1537:
        1: 1538:    ma_sound_set_rolloff(&handle->sound, rolloff);
call    0 returned 1
        1: 1539:    return MA_SUCCESS;
        -: 1540:}
        -: 1541:
function mmj_sound_set_min_distance called 2 returned 100% blocks executed 100%
        2: 1542:int mmj_sound_set_min_distance(void* sound_handle, float min_distance) {
        2: 1543:    mmj_sound_handle* handle = (mmj_sound_handle*)sound_handle;
        -: 1544:
        2: 1545:    if (handle == NULL || !handle->initialized) {
branch  0 taken 1 (fallthrough)
branch  1 taken 1
branch  2 taken 0 (fallthrough)
branch  3 taken 1
        1: 1546:        return MA_INVALID_ARGS;
        -: 1547:    }
        -: 1548:
        1: 1549:    ma_sound_set_min_distance(&handle->sound, min_distance);
call    0 returned 1
        1: 1550:    return MA_SUCCESS;
        -: 1551:}
        -: 1552:
function mmj_sound_set_max_distance called 2 returned 100% blocks executed 100%
        2: 1553:int mmj_sound_set_max_distance(void* sound_handle, float max_distance) {
        2: 1554:    mmj_sound_handle* handle = (mmj_sound_handle*)sound_handle;
        -: 1555:
        2: 1556:    if (handle == NULL || !handle->initialized) {
branch  0 taken 1 (fallthrough)
branch  1 taken 1
branch  2 taken 0 (fallthrough)
branch  3 taken 1
        1: 1557:        return MA_INVALID_ARGS;
        -: 1558:    }
        -: 1559:
        1: 1560:    ma_sound_set_max_distance(&handle->sound, max_distance);
call    0 returned 1
        1: 1561:    return MA_SUCCESS;
        -: 1562:}
        -: 1563:
function mmj_sound_get_cursor_in_pcm_frames called 2 returned 100% blocks executed 82%
        2: 1564:int64_t mmj_sound_get_cursor_in_pcm_frames(void* sound_handle) {
        2: 1565:    mmj_sound_handle* handle = (mmj_sound_handle*)sound_handle;
        2: 1566:    ma_uint64 cursor = 0;
        -: 1567:    ma_result result;
        -: 1568:
        2: 1569:    if (handle == NULL || !handle->initialized) {
branch  0 taken 1 (fallthrough)
branch  1 taken 1
[...]
        2: 9520:    mmj_biquad_node_handle* biquad = (mmj_biquad_node_handle*)biquad_node_handle;
        -: 9521:
        2: 9522:    if (biquad == NULL) {
branch  0 taken 1 (fallthrough)
branch  1 taken 1
        1: 9523:        return MA_INVALID_ARGS;
        -: 9524:    }
        -: 9525:
        1: 9526:    if (!biquad->initialized) {
branch  0 taken 0 (fallthrough)
branch  1 taken 1
    #####: 9527:        return MA_SUCCESS;
        -: 9528:    }
        -: 9529:
        1: 9530:    ma_biquad_node_uninit(&biquad->node, NULL);
call    0 returned 1
        1: 9531:    biquad->initialized = 0;
        1: 9532:    return MA_SUCCESS;
        -: 9533:}
        -: 9534:
function mmj_biquad_node_destroy called 2 returned 100% blocks executed 67%
        2: 9535:void mmj_biquad_node_destroy(void* biquad_node_handle) {
        2: 9536:    mmj_biquad_node_handle* biquad = (mmj_biquad_node_handle*)biquad_node_handle;
        -: 9537:
        2: 9538:    if (biquad == NULL) {
branch  0 taken 0 (fallthrough)
branch  1 taken 2
    #####: 9539:        return;
        -: 9540:    }
        -: 9541:
        2: 9542:    if (biquad->initialized) {
branch  0 taken 0 (fallthrough)
branch  1 taken 2
    #####: 9543:        ma_biquad_node_uninit(&biquad->node, NULL);
call    0 never executed
        -: 9544:    }
        -: 9545:
        2: 9546:    free(biquad);
        -: 9547:}
        -: 9548:
        -: 9549:/* ============================================================
        -: 9550: * notch node
        -: 9551: * ============================================================ */
        -: 9552:
function mmj_notch_node_create called 2 returned 100% blocks executed 100%
        2: 9553:void* mmj_notch_node_create(void) {
        2: 9554:    return calloc(1, sizeof(mmj_notch_node_handle));
        -: 9555:}
        -: 9556:
function mmj_notch_node_init called 2 returned 100% blocks executed 85%
        2: 9557:int mmj_notch_node_init(void* handle, void* engine_handle, uint32_t channels, uint32_t sample_rate, double q, double frequency) {
        2: 9558:    mmj_notch_node_handle* h = (mmj_notch_node_handle*)handle;
        2: 9559:    mmj_engine_handle* eng = (mmj_engine_handle*)engine_handle;
        2: 9560:    if (h == NULL || eng == NULL || !eng->initialized || channels == 0 || sample_rate == 0) return MA_INVALID_ARGS;
branch  0 taken 1 (fallthrough)
branch  1 taken 1
branch  2 taken 1 (fallthrough)
branch  3 taken 0
branch  4 taken 1 (fallthrough)
branch  5 taken 0
branch  6 taken 1 (fallthrough)
branch  7 taken 0
branch  8 taken 0 (fallthrough)
branch  9 taken 1
       1*: 9561:    if (q <= 0.0 || frequency <= 0.0) return MA_INVALID_ARGS;
branch  0 taken 1 (fallthrough)
branch  1 taken 0
branch  2 taken 0 (fallthrough)
branch  3 taken 1
       1*: 9562:    if (h->initialized) { ma_notch_node_uninit(&h->node, NULL); h->initialized = 0; }
branch  0 taken 0 (fallthrough)
branch  1 taken 1
call    2 never executed
        1: 9563:    ma_notch_node_config cfg = ma_notch_node_config_init(channels, sample_rate, q, frequency);
call    0 returned 1
        1: 9564:    ma_result r = ma_notch_node_init(ma_engine_get_node_graph(&eng->engine), &cfg, NULL, &h->node);
call    0 returned 1
call    1 returned 1
        1: 9565:    if (r == MA_SUCCESS) { h->initialized = 1; h->channels = channels; }
branch  0 taken 1 (fallthrough)
branch  1 taken 0
        1: 9566:    return (int)r;
        -: 9567:}
        -: 9568:
function mmj_notch_node_reinit called 2 returned 100% blocks executed 91%
        2: 9569:int mmj_notch_node_reinit(void* handle, uint32_t sample_rate, double q, double frequency) {
        2: 9570:    mmj_notch_node_handle* h = (mmj_notch_node_handle*)handle;
        2: 9571:    if (h == NULL || !h->initialized) return MA_INVALID_ARGS;
branch  0 taken 1 (fallthrough)
branch  1 taken 1
branch  2 taken 0 (fallthrough)
branch  3 taken 1
       1*: 9572:    if (q <= 0.0 || frequency <= 0.0 || sample_rate == 0) return MA_INVALID_ARGS;
branch  0 taken 1 (fallthrough)
branch  1 taken 0
branch  2 taken 1 (fallthrough)
branch  3 taken 0
branch  4 taken 0 (fallthrough)
branch  5 taken 1
        1: 9573:    ma_notch_config cfg = ma_notch2_config_init(ma_format_f32, h->channels, sample_rate, q, frequency);
call    0 returned 1
        1: 9574:    return (int)ma_notch_node_reinit(&cfg, &h->node);
call    0 returned 1
        -: 9575:}
        -: 9576:
function mmj_notch_node_get_node called 2 returned 100% blocks executed 100%
        2: 9577:void* mmj_notch_node_get_node(void* handle) {
        2: 9578:    mmj_notch_node_handle* h = (mmj_notch_node_handle*)handle;
        2: 9579:    if (h == NULL || !h->initialized) return NULL;
branch  0 taken 1 (fallthrough)
branch  1 taken 1
branch  2 taken 0 (fallthrough)
branch  3 taken 1
        1: 9580:    return (void*)&h->node;
        -: 9581:}
        -: 9582:
function mmj_notch_node_uninit called 2 returned 100% blocks executed 100%
        2: 9583:int mmj_notch_node_uninit(void* handle) {
        2: 9584:    mmj_notch_node_handle* h = (mmj_notch_node_handle*)handle;
        2: 9585:    if (h == NULL || !h->initialized) return MA_INVALID_ARGS;
branch  0 taken 1 (fallthrough)
branch  1 taken 1
branch  2 taken 0 (fallthrough)
branch  3 taken 1
        1: 9586:    ma_notch_node_uninit(&h->node, NULL);
call    0 returned 1
        1: 9587:    h->initialized = 0;
        1: 9588:    return MA_SUCCESS;
        -: 9589:}
        -: 9590:
function mmj_notch_node_destroy called 2 returned 100% blocks executed 67%
        2: 9591:void mmj_notch_node_destroy(void* handle) {
        2: 9592:    mmj_notch_node_handle* h = (mmj_notch_node_handle*)handle;
       2*: 9593:    if (h == NULL) return;
branch  0 taken 0 (fallthrough)
branch  1 taken 2
       2*: 9594:    if (h->initialized) { ma_notch_node_uninit(&h->node, NULL); }
branch  0 taken 0 (fallthrough)
branch  1 taken 2
call    2 never executed
        2: 9595:    free(h);
        -: 9596:}
        -: 9597:
        -: 9598:/* ============================================================
        -: 9599: * peak node
        -: 9600: * ============================================================ */
        -: 9601:
function mmj_peak_node_create called 2 returned 100% blocks executed 100%
        2: 9602:void* mmj_peak_node_create(void) {
        2: 9603:    return calloc(1, sizeof(mmj_peak_node_handle));
        -: 9604:}
        -: 9605:
function mmj_peak_node_init called 2 returned 100% blocks executed 85%
        2: 9606:int mmj_peak_node_init(void* handle, void* engine_handle, uint32_t channels, uint32_t sample_rate, double gain_db, double q, double frequency) {
        2: 9607:    mmj_peak_node_handle* h = (mmj_peak_node_handle*)handle;
        2: 9608:    mmj_engine_handle* eng = (mmj_engine_handle*)engine_handle;
        2: 9609:    if (h == NULL || eng == NULL || !eng->initialized || channels == 0 || sample_rate == 0) return MA_INVALID_ARGS;
branch  0 taken 1 (fallthrough)
branch  1 taken 1
branch  2 taken 1 (fallthrough)
branch  3 taken 0
branch  4 taken 1 (fallthrough)
branch  5 taken 0
branch  6 taken 1 (fallthrough)
branch  7 taken 0
branch  8 taken 0 (fallthrough)
branch  9 taken 1
       1*: 9610:    if (q <= 0.0 || frequency <= 0.0) return MA_INVALID_ARGS;
branch  0 taken 1 (fallthrough)
branch  1 taken 0
branch  2 taken 0 (fallthrough)
branch  3 taken 1
       1*: 9611:    if (h->initialized) { ma_peak_node_uninit(&h->node, NULL); h->initialized = 0; }
branch  0 taken 0 (fallthrough)
branch  1 taken 1
call    2 never executed
        1: 9612:    ma_peak_node_config cfg = ma_peak_node_config_init(channels, sample_rate, gain_db, q, frequency);
call    0 returned 1
        1: 9613:    ma_result r = ma_peak_node_init(ma_engine_get_node_graph(&eng->engine), &cfg, NULL, &h->node);
call    0 returned 1
call    1 returned 1
        1: 9614:    if (r == MA_SUCCESS) { h->initialized = 1; h->channels = channels; }
branch  0 taken 1 (fallthrough)
branch  1 taken 0
        1: 9615:    return (int)r;
        -: 9616:}
        -: 9617:
function mmj_peak_node_reinit called 2 returned 100% blocks executed 91%
        2: 9618:int mmj_peak_node_reinit(void* handle, uint32_t sample_rate, double gain_db, double q, double frequency) {
        2: 9619:    mmj_peak_node_handle* h = (mmj_peak_node_handle*)handle;
        2: 9620:    if (h == NULL || !h->initialized) return MA_INVALID_ARGS;
branch  0 taken 1 (fallthrough)
branch  1 taken 1
branch  2 taken 0 (fallthrough)
branch  3 taken 1
       1*: 9621:    if (q <= 0.0 || frequency <= 0.0 || sample_rate == 0) return MA_INVALID_ARGS;
branch  0 taken 1 (fallthrough)
branch  1 taken 0
branch  2 taken 1 (fallthrough)
branch  3 taken 0
branch  4 taken 0 (fallthrough)
branch  5 taken 1
        1: 9622:    ma_peak_config cfg = ma_peak2_config_init(ma_format_f32, h->channels, sample_rate, gain_db, q, frequency);
call    0 returned 1
        1: 9623:    return (int)ma_peak_node_reinit(&cfg, &h->node);
call    0 returned 1
        -: 9624:}
        -: 9625:
function mmj_peak_node_get_node called 2 returned 100% blocks executed 100%
        2: 9626:void* mmj_peak_node_get_node(void* handle) {
        2: 9627:    mmj_peak_node_handle* h = (mmj_peak_node_handle*)handle;
        2: 9628:    if (h == NULL || !h->initialized) return NULL;
branch  0 taken 1 (fallthrough)
branch  1 taken 1
branch  2 taken 0 (fallthrough)
branch  3 taken 1
        1: 9629:    return (void*)&h->node;
        -: 9630:}
        -: 9631:
function mmj_peak_node_uninit called 2 returned 100% blocks executed 100%
        2: 9632:int mmj_peak_node_uninit(void* handle) {
        2: 9633:    mmj_peak_node_handle* h = (mmj_peak_node_handle*)handle;
        2: 9634:    if (h == NULL || !h->initialized) return MA_INVALID_ARGS;
branch  0 taken 1 (fallthrough)
branch  1 taken 1
branch  2 taken 0 (fallthrough)
branch  3 taken 1
        1: 9635:    ma_peak_node_uninit(&h->node, NULL);
call    0 returned 1
        1: 9636:    h->initialized = 0;
        1: 9637:    return MA_SUCCESS;
        -: 9638:}
        -: 9639:
function mmj_peak_node_destroy called 2 returned 100% blocks executed 67%
        2: 9640:void mmj_peak_node_destroy(void* handle) {
        2: 9641:    mmj_peak_node_handle* h = (mmj_peak_node_handle*)handle;
       2*: 9642:    if (h == NULL) return;
branch  0 taken 0 (fallthrough)
branch  1 taken 2
       2*: 9643:    if (h->initialized) { ma_peak_node_uninit(&h->node, NULL); }
branch  0 taken 0 (fallthrough)
branch  1 taken 2
call    2 never executed
        2: 9644:    free(h);
        -: 9645:}
        -: 9646:
        -: 9647:/* ============================================================
        -: 9648: * loshelf node
        -: 9649: * ============================================================ */
        -: 9650:
function mmj_loshelf_node_create called 2 returned 100% blocks executed 100%
        2: 9651:void* mmj_loshelf_node_create(void) {
        2: 9652:    return calloc(1, sizeof(mmj_loshelf_node_handle));
        -: 9653:}
        -: 9654:
function mmj_loshelf_node_init called 2 returned 100% blocks executed 85%
        2: 9655:int mmj_loshelf_node_init(void* handle, void* engine_handle, uint32_t channels, uint32_t sample_rate, double gain_db, double q, double frequency) {
        2: 9656:    mmj_loshelf_node_handle* h = (mmj_loshelf_node_handle*)handle;
        2: 9657:    mmj_engine_handle* eng = (mmj_engine_handle*)engine_handle;
        2: 9658:    if (h == NULL || eng == NULL || !eng->initialized || channels == 0 || sample_rate == 0) return MA_INVALID_ARGS;
branch  0 taken 1 (fallthrough)
branch  1 taken 1
branch  2 taken 1 (fallthrough)
branch  3 taken 0
branch  4 taken 1 (fallthrough)
branch  5 taken 0
branch  6 taken 1 (fallthrough)
branch  7 taken 0
branch  8 taken 0 (fallthrough)
branch  9 taken 1
       1*: 9659:    if (q <= 0.0 || frequency <= 0.0) return MA_INVALID_ARGS;
branch  0 taken 1 (fallthrough)
branch  1 taken 0
branch  2 taken 0 (fallthrough)
branch  3 taken 1
       1*: 9660:    if (h->initialized) { ma_loshelf_node_uninit(&h->node, NULL); h->initialized = 0; }
branch  0 taken 0 (fallthrough)
branch  1 taken 1
call    2 never executed
        1: 9661:    ma_loshelf_node_config cfg = ma_loshelf_node_config_init(channels, sample_rate, gain_db, q, frequency);
call    0 returned 1
        1: 9662:    ma_result r = ma_loshelf_node_init(ma_engine_get_node_graph(&eng->engine), &cfg, NULL, &h->node);
call    0 returned 1
call    1 returned 1
        1: 9663:    if (r == MA_SUCCESS) { h->initialized = 1; h->channels = channels; }
branch  0 taken 1 (fallthrough)
branch  1 taken 0
        1: 9664:    return (int)r;
        -: 9665:}
        -: 9666:
function mmj_loshelf_node_reinit called 2 returned 100% blocks executed 91%
        2: 9667:int mmj_loshelf_node_reinit(void* handle, uint32_t sample_rate, double gain_db, double q, double frequency) {
        2: 9668:    mmj_loshelf_node_handle* h = (mmj_loshelf_node_handle*)handle;
        2: 9669:    if (h == NULL || !h->initialized) return MA_INVALID_ARGS;
branch  0 taken 1 (fallthrough)
branch  1 taken 1
branch  2 taken 0 (fallthrough)
branch  3 taken 1
       1*: 9670:    if (q <= 0.0 || frequency <= 0.0 || sample_rate == 0) return MA_INVALID_ARGS;
branch  0 taken 1 (fallthrough)
branch  1 taken 0
branch  2 taken 1 (fallthrough)
branch  3 taken 0
branch  4 taken 0 (fallthrough)
branch  5 taken 1
        1: 9671:    ma_loshelf_config cfg = ma_loshelf2_config_init(ma_format_f32, h->channels, sample_rate, gain_db, q, frequency);
call    0 returned 1
        1: 9672:    return (int)ma_loshelf_node_reinit(&cfg, &h->node);
call    0 returned 1
        -: 9673:}
        -: 9674:
function mmj_loshelf_node_get_node called 2 returned 100% blocks executed 100%
        2: 9675:void* mmj_loshelf_node_get_node(void* handle) {
        2: 9676:    mmj_loshelf_node_handle* h = (mmj_loshelf_node_handle*)handle;
        2: 9677:    if (h == NULL || !h->initialized) return NULL;
branch  0 taken 1 (fallthrough)
branch  1 taken 1
branch  2 taken 0 (fallthrough)
branch  3 taken 1
        1: 9678:    return (void*)&h->node;
        -: 9679:}
        -: 9680:
function mmj_loshelf_node_uninit called 2 returned 100% blocks executed 100%
        2: 9681:int mmj_loshelf_node_uninit(void* handle) {
        2: 9682:    mmj_loshelf_node_handle* h = (mmj_loshelf_node_handle*)handle;
        2: 9683:    if (h == NULL || !h->initialized) return MA_INVALID_ARGS;
branch  0 taken 1 (fallthrough)
branch  1 taken 1
branch  2 taken 0 (fallthrough)
branch  3 taken 1
        1: 9684:    ma_loshelf_node_uninit(&h->node, NULL);
call    0 returned 1
        1: 9685:    h->initialized = 0;
        1: 9686:    return MA_SUCCESS;
        -: 9687:}
        -: 9688:
function mmj_loshelf_node_destroy called 2 returned 100% blocks executed 67%
        2: 9689:void mmj_loshelf_node_destroy(void* handle) {
        2: 9690:    mmj_loshelf_node_handle* h = (mmj_loshelf_node_handle*)handle;
       2*: 9691:    if (h == NULL) return;
branch  0 taken 0 (fallthrough)
branch  1 taken 2
       2*: 9692:    if (h->initialized) { ma_loshelf_node_uninit(&h->node, NULL); }
branch  0 taken 0 (fallthrough)
branch  1 taken 2
call    2 never executed
        2: 9693:    free(h);
        -: 9694:}
        -: 9695:
        -: 9696:/* ============================================================
        -: 9697: * hishelf node
        -: 9698: * ============================================================ */
        -: 9699:
function mmj_hishelf_node_create called 2 returned 100% blocks executed 100%
        2: 9700:void* mmj_hishelf_node_create(void) {
        2: 9701:    return calloc(1, sizeof(mmj_hishelf_node_handle));
        -: 9702:}
        -: 9703:
function mmj_hishelf_node_init called 2 returned 100% blocks executed 85%
        2: 9704:int mmj_hishelf_node_init(void* handle, void* engine_handle, uint32_t channels, uint32_t sample_rate, double gain_db, double q, double frequency) {
        2: 9705:    mmj_hishelf_node_handle* h = (mmj_hishelf_node_handle*)handle;
        2: 9706:    mmj_engine_handle* eng = (mmj_engine_handle*)engine_handle;
        2: 9707:    if (h == NULL || eng == NULL || !eng->initialized || channels == 0 || sample_rate == 0) return MA_INVALID_ARGS;
branch  0 taken 1 (fallthrough)
branch  1 taken 1
branch  2 taken 1 (fallthrough)
branch  3 taken 0
branch  4 taken 1 (fallthrough)
branch  5 taken 0
branch  6 taken 1 (fallthrough)
branch  7 taken 0
branch  8 taken 0 (fallthrough)
branch  9 taken 1
       1*: 9708:    if (q <= 0.0 || frequency <= 0.0) return MA_INVALID_ARGS;
branch  0 taken 1 (fallthrough)
branch  1 taken 0
branch  2 taken 0 (fallthrough)
branch  3 taken 1
       1*: 9709:    if (h->initialized) { ma_hishelf_node_uninit(&h->node, NULL); h->initialized = 0; }
branch  0 taken 0 (fallthrough)
branch  1 taken 1
call    2 never executed
        1: 9710:    ma_hishelf_node_config cfg = ma_hishelf_node_config_init(channels, sample_rate, gain_db, q, frequency);
call    0 returned 1
        1: 9711:    ma_result r = ma_hishelf_node_init(ma_engine_get_node_graph(&eng->engine), &cfg, NULL, &h->node);
call    0 returned 1
call    1 returned 1
        1: 9712:    if (r == MA_SUCCESS) { h->initialized = 1; h->channels = channels; }
branch  0 taken 1 (fallthrough)
branch  1 taken 0
        1: 9713:    return (int)r;
        -: 9714:}
        -: 9715:
function mmj_hishelf_node_reinit called 2 returned 100% blocks executed 91%
        2: 9716:int mmj_hishelf_node_reinit(void* handle, uint32_t sample_rate, double gain_db, double q, double frequency) {
        2: 9717:    mmj_hishelf_node_handle* h = (mmj_hishelf_node_handle*)handle;
        2: 9718:    if (h == NULL || !h->initialized) return MA_INVALID_ARGS;
branch  0 taken 1 (fallthrough)
branch  1 taken 1
branch  2 taken 0 (fallthrough)
branch  3 taken 1
       1*: 9719:    if (q <= 0.0 || frequency <= 0.0 || sample_rate == 0) return MA_INVALID_ARGS;
branch  0 taken 1 (fallthrough)
branch  1 taken 0
branch  2 taken 1 (fallthrough)
branch  3 taken 0
branch  4 taken 0 (fallthrough)
branch  5 taken 1
        1: 9720:    ma_hishelf_config cfg = ma_hishelf2_config_init(ma_format_f32, h->channels, sample_rate, gain_db, q, frequency);
call    0 returned 1
        1: 9721:    return (int)ma_hishelf_node_reinit(&cfg, &h->node);
call    0 returned 1
        -: 9722:}
        -: 9723:
function mmj_hishelf_node_get_node called 2 returned 100% blocks executed 100%
        2: 9724:void* mmj_hishelf_node_get_node(void* handle) {
        2: 9725:    mmj_hishelf_node_handle* h = (mmj_hishelf_node_handle*)handle;
        2: 9726:    if (h == NULL || !h->initialized) return NULL;
branch  0 taken 1 (fallthrough)
branch  1 taken 1
branch  2 taken 0 (fallthrough)
branch  3 taken 1
        1: 9727:    return (void*)&h->node;
        -: 9728:}
        -: 9729:
function mmj_hishelf_node_uninit called 2 returned 100% blocks executed 100%
        2: 9730:int mmj_hishelf_node_uninit(void* handle) {
        2: 9731:    mmj_hishelf_node_handle* h = (mmj_hishelf_node_handle*)handle;
        2: 9732:    if (h == NULL || !h->initialized) return MA_INVALID_ARGS;
branch  0 taken 1 (fallthrough)
branch  1 taken 1
branch  2 taken 0 (fallthrough)
branch  3 taken 1
        1: 9733:    ma_hishelf_node_uninit(&h->node, NULL);
call    0 returned 1
        1: 9734:    h->initialized = 0;
        1: 9735:    return MA_SUCCESS;
        -: 9736:}
        -: 9737:
function mmj_hishelf_node_destroy called 2 returned 100% blocks executed 67%
        2: 9738:void mmj_hishelf_node_destroy(void* handle) {
        2: 9739:    mmj_hishelf_node_handle* h = (mmj_hishelf_node_handle*)handle;
       2*: 9740:    if (h == NULL) return;
branch  0 taken 0 (fallthrough)
branch  1 taken 2
       2*: 9741:    if (h->initialized) { ma_hishelf_node_uninit(&h->node, NULL); }
branch  0 taken 0 (fallthrough)
branch  1 taken 2
call    2 never executed
        2: 9742:    free(h);
        -: 9743:}
